======================================== [2021-2022] file check ========================================
S39G01N1.json: 20211009 (안양 KGC vs 전주 KCC) [Q1(130), Q2(122), Q3(141), Q4(149)] ✅
S39G01N2.json: 20211009 (고양 오리온 vs 서울 SK) [Q1(158), Q2(142), Q3(148), Q4(174)] ✅
S39G01N3.json: 20211009 (울산 현대모비스 vs 대구 한국가스공사) [Q1(145), Q2(147), Q3(187), Q4(164)] ✅
S39G01N4.json: 20211010 (수원 KT vs 원주 DB) [Q1(159), Q2(146), Q3(142), Q4(164)] ✅
S39G01N5.json: 20211010 (서울 삼성 vs 창원 LG) [Q1(164), Q2(143), Q3(179), Q4(151)] ✅
S39G01N6.json: 20211010 (전주 KCC vs 고양 오리온) [Q1(134), Q2(145), Q3(156), Q4(147)] ✅
S39G01N7.json: 20211010 (대구 한국가스공사 vs 안양 KGC) [Q1(145), Q2(142), Q3(172), Q4(147)] ✅
S39G01N8.json: 20211011 (원주 DB vs 울산 현대모비스) [Q1(160), Q2(142), Q3(146), Q4(166)] ✅
S39G01N9.json: 20211011 (서울 SK vs 서울 삼성) [Q1(189), Q2(148), Q3(161), Q4(160)] ✅
S39G01N10.json: 20211011 (창원 LG vs 수원 KT) [Q1(133), Q2(159), Q3(140), Q4(151)] ✅
S39G01N11.json: 20211012 (고양 오리온 vs 안양 KGC) [Q1(81), Q2(125), Q3(152), Q4(124), 연장(164)] ✅
S39G01N12.json: 20211013 (서울 삼성 vs 전주 KCC) [Q1(138), Q2(136), Q3(164), Q4(154)] ✅
S39G01N13.json: 20211014 (수원 KT vs 대구 한국가스공사) [Q1(157), Q2(153), Q3(151), Q4(153)] ✅
S39G01N14.json: 20211015 (창원 LG vs 원주 DB) [Q1(156), Q2(152), Q3(150), Q4(143)] ✅
S39G01N15.json: 20211015 (전주 KCC vs 서울 SK) [Q1(79), Q2(148), Q3(161), Q4(155), 연장(138)] ✅
S39G01N16.json: 20211016 (안양 KGC vs 울산 현대모비스) [Q1(150), Q2(149), Q3(155), Q4(157)] ✅
S39G01N17.json: 20211016 (고양 오리온 vs 대구 한국가스공사) [Q1(135), Q2(122), Q3(167), Q4(159)] ✅
S39G01N18.json: 20211016 (서울 삼성 vs 수원 KT) [Q1(156), Q2(156), Q3(146), Q4(154)] ✅
S39G01N19.json: 20211017 (원주 DB vs 대구 한국가스공사) [Q1(154), Q2(156), Q3(154), Q4(167)] ✅
S39G01N20.json: 20211017 (서울 SK vs 울산 현대모비스) [Q1(131), Q2(168), Q3(178), Q4(175)] ✅
S39G01N21.json: 20211017 (창원 LG vs 전주 KCC) [Q1(114), Q2(107), Q3(146), Q4(136)] ✅
S39G01N22.json: 20211018 (수원 KT vs 고양 오리온) [Q1(142), Q2(117), Q3(160), Q4(170)] ✅
S39G01N23.json: 20211019 (울산 현대모비스 vs 서울 삼성) [Q1(135), Q2(131), Q3(164), Q4(165)] ✅
S39G01N24.json: 20211020 (대구 한국가스공사 vs 창원 LG) [Q1(166), Q2(145), Q3(142), Q4(164)] ✅
S39G01N25.json: 20211021 (안양 KGC vs 서울 SK) [Q1(164), Q2(176), Q3(175), Q4(158)] ✅
S39G01N26.json: 20211022 (원주 DB vs 서울 삼성) [Q1(175), Q2(144), Q3(175), Q4(152)] ✅
S39G01N27.json: 20211022 (대구 한국가스공사 vs 전주 KCC) [Q1(171), Q2(148), Q3(140), Q4(149)] ✅
S39G01N28.json: 20211023 (창원 LG vs 안양 KGC) [Q1(163), Q2(152), Q3(144), Q4(164)] ✅
S39G01N29.json: 20211023 (수원 KT vs 서울 SK) [Q1(161), Q2(132), Q3(153), Q4(161)] ✅
S39G01N30.json: 20211023 (울산 현대모비스 vs 고양 오리온) [Q1(143), Q2(145), Q3(177), Q4(133)] ✅
S39G01N31.json: 20211024 (대구 한국가스공사 vs 서울 삼성) [Q1(158), Q2(144), Q3(168), Q4(167)] ✅
S39G01N32.json: 20211024 (서울 SK vs 원주 DB) [Q1(147), Q2(135), Q3(153), Q4(134)] ✅
S39G01N33.json: 20211024 (전주 KCC vs 울산 현대모비스) [Q1(80), Q2(129), Q3(149), Q4(187), 연장(139)] ✅
S39G01N34.json: 20211025 (창원 LG vs 고양 오리온) [Q1(131), Q2(117), Q3(156), Q4(154)] ✅
S39G01N35.json: 20211026 (서울 삼성 vs 안양 KGC) [Q1(145), Q2(123), Q3(168), Q4(130)] ✅
S39G01N36.json: 20211027 (전주 KCC vs 원주 DB) [Q1(142), Q2(142), Q3(153), Q4(151)] ✅
S39G01N37.json: 20211028 (수원 KT vs 울산 현대모비스) [Q1(197), Q2(135), Q3(160), Q4(165)] ✅
S39G01N38.json: 20211029 (서울 SK vs 대구 한국가스공사) [Q1(129), Q2(140), Q3(160), Q4(150)] ✅
S39G01N39.json: 20211029 (원주 DB vs 안양 KGC) [Q1(123), Q2(133), Q3(142), Q4(137)] ✅
S39G01N40.json: 20211030 (울산 현대모비스 vs 창원 LG) [Q1(138), Q2(120), Q3(158), Q4(136)] ✅
S39G01N41.json: 20211030 (서울 삼성 vs 고양 오리온) [Q1(152), Q2(141), Q3(164), Q4(143)] ✅
S39G01N42.json: 20211030 (수원 KT vs 전주 KCC) [Q1(160), Q2(131), Q3(151), Q4(139)] ✅
S39G01N43.json: 20211031 (창원 LG vs 서울 SK) [Q1(79), Q2(130), Q3(166), Q4(134), 연장(149)] ✅
S39G01N44.json: 20211031 (원주 DB vs 고양 오리온) [Q1(145), Q2(167), Q3(131), Q4(140)] ✅
S39G01N45.json: 20211031 (수원 KT vs 안양 KGC) [Q1(186), Q2(134), Q3(151), Q4(151)] ✅
S39G01N46.json: 20211101 (대구 한국가스공사 vs 울산 현대모비스) [Q1(139), Q2(113), Q3(142), Q4(130)] ✅
S39G01N47.json: 20211102 (전주 KCC vs 창원 LG) [Q1(120), Q2(115), Q3(137), Q4(127)] ✅
S39G01N48.json: 20211103 (수원 KT vs 고양 오리온) [Q1(161), Q2(128), Q3(155), Q4(151)] ✅
S39G01N49.json: 20211104 (대구 한국가스공사 vs 서울 삼성) [Q1(158), Q2(142), Q3(156), Q4(154)] ✅
S39G01N50.json: 20211105 (서울 SK vs 수원 KT) [Q1(141), Q2(122), Q3(151), Q4(154)] ✅
S39G01N51.json: 20211106 (안양 KGC vs 서울 삼성) [Q1(154), Q2(143), Q3(158), Q4(128)] ✅
S39G01N52.json: 20211106 (울산 현대모비스 vs 전주 KCC) [Q1(148), Q2(138), Q3(141), Q4(140)] ✅
S39G01N53.json: 20211106 (고양 오리온 vs 창원 LG) [Q1(152), Q2(124), Q3(146), Q4(150)] ✅
S39G01N54.json: 20211106 (원주 DB vs 대구 한국가스공사) [Q1(162), Q2(139), Q3(178), Q4(161)] ✅
S39G01N55.json: 20211107 (수원 KT vs 전주 KCC) [Q1(142), Q2(126), Q3(139), Q4(114)] ✅
S39G01N56.json: 20211107 (서울 SK vs 안양 KGC) [Q1(146), Q2(154), Q3(148), Q4(139)] ✅
S39G01N57.json: 20211107 (고양 오리온 vs 원주 DB) [Q1(122), Q2(143), Q3(181), Q4(151)] ✅
S39G01N58.json: 20211107 (울산 현대모비스 vs 서울 삼성) [Q1(152), Q2(145), Q3(147), Q4(162)] ✅
S39G01N59.json: 20211108 (창원 LG vs 대구 한국가스공사) [Q1(152), Q2(142), Q3(154), Q4(157)] ✅
S39G01N60.json: 20211109 (울산 현대모비스 vs 안양 KGC) [Q1(143), Q2(138), Q3(158), Q4(165)] ✅
S39G01N61.json: 20211110 (원주 DB vs 수원 KT) [Q1(137), Q2(154), Q3(157), Q4(176)] ✅
S39G01N62.json: 20211111 (서울 삼성 vs 서울 SK) [Q1(152), Q2(144), Q3(162), Q4(158)] ✅
S39G01N63.json: 20211112 (창원 LG vs 울산 현대모비스) [Q1(152), Q2(153), Q3(162), Q4(175)] ✅
S39G01N64.json: 20211113 (전주 KCC vs 대구 한국가스공사) [Q1(144), Q2(127), Q3(148), Q4(134)] ✅
S39G01N65.json: 20211113 (안양 KGC vs 고양 오리온) [Q1(141), Q2(113), Q3(160), Q4(161)] ✅
S39G01N66.json: 20211113 (원주 DB vs 서울 SK) [Q1(134), Q2(149), Q3(154), Q4(165)] ✅
S39G01N67.json: 20211114 (서울 삼성 vs 전주 KCC) [Q1(151), Q2(124), Q3(153), Q4(145)] ✅
S39G01N68.json: 20211114 (수원 KT vs 창원 LG) [Q1(125), Q2(150), Q3(145), Q4(146)] ✅
S39G01N69.json: 20211114 (울산 현대모비스 vs 원주 DB) [Q1(153), Q2(141), Q3(158), Q4(147)] ✅
S39G01N70.json: 20211115 (서울 SK vs 고양 오리온) [Q1(149), Q2(131), Q3(154), Q4(153)] ✅
S39G01N71.json: 20211116 (울산 현대모비스 vs 수원 KT) [Q1(172), Q2(137), Q3(155), Q4(174)] ✅
S39G01N72.json: 20211117 (대구 한국가스공사 vs 고양 오리온) [Q1(135), Q2(133), Q3(156), Q4(143)] ✅
S39G01N73.json: 20211118 (안양 KGC vs 전주 KCC) [Q1(162), Q2(122), Q3(153), Q4(132)] ✅
S39G01N74.json: 20211120 (창원 LG vs 서울 SK) [Q1(163), Q2(149), Q3(143), Q4(154)] ✅
S39G01N75.json: 20211121 (서울 삼성 vs 수원 KT) [Q1(136), Q2(142), Q3(157), Q4(146)] ✅
S39G01N76.json: 20211121 (대구 한국가스공사 vs 안양 KGC) [Q1(156), Q2(146), Q3(137), Q4(126)] ✅
S39G01N77.json: 20211127 (원주 DB vs 서울 삼성) [Q1(166), Q2(154), Q3(138), Q4(163)] ✅
S39G01N78.json: 20211128 (서울 SK vs 전주 KCC) [Q1(147), Q2(138), Q3(154), Q4(165)] ✅
S39G01N79.json: 20211128 (수원 KT vs 안양 KGC) [Q1(130), Q2(140), Q3(155), Q4(142)] ✅
S39G01N80.json: 20211201 (원주 DB vs 창원 LG) [Q1(141), Q2(166), Q3(150), Q4(180)] ✅
S39G01N81.json: 20211202 (고양 오리온 vs 울산 현대모비스) [Q1(145), Q2(142), Q3(174), Q4(148)] ✅
S39G01N82.json: 20211203 (안양 KGC vs 창원 LG) [Q1(134), Q2(162), Q3(149), Q4(145)] ✅
S39G01N83.json: 20211204 (전주 KCC vs 원주 DB) [Q1(163), Q2(157), Q3(134), Q4(159)] ✅
S39G01N84.json: 20211204 (서울 삼성 vs 고양 오리온) [Q1(163), Q2(130), Q3(138), Q4(162)] ✅
S39G01N85.json: 20211204 (울산 현대모비스 vs 서울 SK) [Q1(146), Q2(150), Q3(146), Q4(174)] ✅
S39G01N86.json: 20211204 (대구 한국가스공사 vs 수원 KT) [Q1(163), Q2(144), Q3(150), Q4(133)] ✅
S39G01N87.json: 20211205 (서울 삼성 vs 창원 LG) [Q1(148), Q2(127), Q3(128), Q4(136)] ✅
S39G01N88.json: 20211205 (안양 KGC vs 원주 DB) [Q1(77), Q2(129), Q3(147), Q4(160), 연장(137)] ✅
S39G01N89.json: 20211205 (대구 한국가스공사 vs 서울 SK) [Q1(137), Q2(147), Q3(172), Q4(141)] ✅
S39G01N90.json: 20211205 (고양 오리온 vs 전주 KCC) [Q1(140), Q2(140), Q3(165), Q4(124)] ✅
S39G01N91.json: 20211206 (울산 현대모비스 vs 수원 KT) [Q1(161), Q2(158), Q3(140), Q4(149)] ✅
S39G01N92.json: 20211207 (서울 삼성 vs 원주 DB) [Q1(154), Q2(125), Q3(165), Q4(147)] ✅
S39G01N93.json: 20211208 (고양 오리온 vs 창원 LG) [Q1(170), Q2(119), Q3(166), Q4(154)] ✅
S39G01N94.json: 20211209 (전주 KCC vs 대구 한국가스공사) [Q1(130), Q2(137), Q3(153), Q4(155)] ✅
S39G01N95.json: 20211210 (고양 오리온 vs 서울 SK) [Q1(139), Q2(166), Q3(139), Q4(134)] ✅
S39G01N96.json: 20211211 (울산 현대모비스 vs 안양 KGC) [Q1(171), Q2(133), Q3(172), Q4(131)] ✅
S39G01N97.json: 20211211 (전주 KCC vs 서울 삼성) [Q1(156), Q2(129), Q3(174), Q4(128)] ✅
S39G01N98.json: 20211211 (창원 LG vs 대구 한국가스공사) [Q1(136), Q2(123), Q3(147), Q4(140)] ✅
S39G01N99.json: 20211211 (원주 DB vs 수원 KT) [Q1(143), Q2(147), Q3(169), Q4(168)] ✅
S39G01N100.json: 20211212 (안양 KGC vs 서울 삼성) [Q1(154), Q2(133), Q3(145), Q4(138)] ✅
S39G01N101.json: 20211212 (서울 SK vs 울산 현대모비스) [Q1(134), Q2(134), Q3(178), Q4(167)] ✅
S39G01N102.json: 20211212 (고양 오리온 vs 전주 KCC) [Q1(65), Q2(135), Q3(146), Q4(141), 연장(126)] ✅
S39G01N103.json: 20211212 (창원 LG vs 수원 KT) [Q1(130), Q2(149), Q3(136), Q4(155)] ✅
S39G01N104.json: 20211213 (대구 한국가스공사 vs 원주 DB) [Q1(136), Q2(155), Q3(143), Q4(155)] ✅
S39G01N105.json: 20211214 (수원 KT vs 서울 삼성) [Q1(157), Q2(130), Q3(143), Q4(146)] ✅
S39G01N106.json: 20211215 (전주 KCC vs 창원 LG) [Q1(126), Q2(139), Q3(145), Q4(125)] ✅
S39G01N107.json: 20211216 (서울 SK vs 안양 KGC) [Q1(134), Q2(150), Q3(159), Q4(168)] ✅
S39G01N108.json: 20211217 (전주 KCC vs 울산 현대모비스) [Q1(161), Q2(152), Q3(155), Q4(150)] ✅
S39G01N109.json: 20211218 (원주 DB vs 고양 오리온) [Q1(159), Q2(142), Q3(140), Q4(144)] ✅
S39G01N110.json: 20211218 (서울 SK vs 창원 LG) [Q1(149), Q2(134), Q3(148), Q4(148)] ✅
S39G01N111.json: 20211218 (안양 KGC vs 수원 KT) [Q1(127), Q2(161), Q3(138), Q4(143)] ✅
S39G01N112.json: 20211218 (대구 한국가스공사 vs 서울 삼성) [Q1(154), Q2(149), Q3(152), Q4(144)] ✅
S39G01N113.json: 20211219 (원주 DB vs 울산 현대모비스) [Q1(169), Q2(147), Q3(164), Q4(152)] ✅
S39G01N114.json: 20211219 (서울 SK vs 전주 KCC) [Q1(136), Q2(137), Q3(165), Q4(135)] ✅
S39G01N115.json: 20211219 (대구 한국가스공사 vs 수원 KT) [Q1(117), Q2(129), Q3(163), Q4(118)] ✅
S39G01N116.json: 20211219 (고양 오리온 vs 안양 KGC) [Q1(141), Q2(128), Q3(139), Q4(130)] ✅
S39G01N117.json: 20211220 (창원 LG vs 서울 삼성) [Q1(131), Q2(139), Q3(161), Q4(164)] ✅
S39G01N118.json: 20211221 (안양 KGC vs 대구 한국가스공사) [Q1(136), Q2(148), Q3(133), Q4(147)] ✅
S39G01N119.json: 20211222 (원주 DB vs 서울 SK) [Q1(148), Q2(158), Q3(178), Q4(163)] ✅
S39G01N120.json: 20211223 (수원 KT vs 전주 KCC) [Q1(168), Q2(137), Q3(147), Q4(129)] ✅
S39G01N121.json: 20211224 (고양 오리온 vs 울산 현대모비스) [Q1(90), Q2(116), Q3(147), Q4(139), 연장(139)] ✅
S39G01N122.json: 20211225 (창원 LG vs 원주 DB) [Q1(122), Q2(130), Q3(141), Q4(144)] ✅
S39G01N123.json: 20211225 (서울 SK vs 서울 삼성) [Q1(149), Q2(136), Q3(153), Q4(140)] ✅
S39G01N124.json: 20211225 (안양 KGC vs 전주 KCC) [Q1(140), Q2(124), Q3(142), Q4(126)] ✅
S39G01N125.json: 20211226 (대구 한국가스공사 vs 울산 현대모비스) [Q1(145), Q2(132), Q3(140), Q4(167)] ✅
S39G01N126.json: 20211226 (수원 KT vs 서울 SK) [Q1(169), Q2(137), Q3(144), Q4(149)] ✅
S39G01N127.json: 20211226 (고양 오리온 vs 서울 삼성) [Q1(154), Q2(134), Q3(118), Q4(144)] ✅
S39G01N128.json: 20211227 (안양 KGC vs 창원 LG) [Q1(143), Q2(125), Q3(145), Q4(118)] ✅
S39G01N129.json: 20211227 (원주 DB vs 전주 KCC) [Q1(130), Q2(153), Q3(135), Q4(151)] ✅
S39G01N130.json: 20211228 (고양 오리온 vs 수원 KT) [Q1(149), Q2(132), Q3(157), Q4(144)] ✅
S39G01N131.json: 20211229 (대구 한국가스공사 vs 서울 SK) [Q1(166), Q2(139), Q3(148), Q4(144)] ✅
S39G01N132.json: 20211230 (울산 현대모비스 vs 서울 삼성) [Q1(121), Q2(126), Q3(181), Q4(166)] ✅
S39G01N133.json: 20211231 (안양 KGC vs 원주 DB) [Q1(164), Q2(133), Q3(148), Q4(162)] ✅
S39G01N134.json: 20220101 (울산 현대모비스 vs 창원 LG) [Q1(114), Q2(126), Q3(156), Q4(145)] ✅
S39G01N135.json: 20220101 (대구 한국가스공사 vs 고양 오리온) [Q1(159), Q2(144), Q3(145), Q4(154)] ✅
S39G01N136.json: 20220101 (수원 KT vs 서울 삼성) [Q1(159), Q2(144), Q3(145), Q4(141)] ✅
S39G01N137.json: 20220102 (창원 LG vs 대구 한국가스공사) [Q1(121), Q2(135), Q3(140), Q4(152)] ✅
S39G01N138.json: 20220102 (울산 현대모비스 vs 고양 오리온) [Q1(134), Q2(129), Q3(171), Q4(143)] ✅
S39G01N139.json: 20220102 (전주 KCC vs 서울 SK) [Q1(149), Q2(125), Q3(153), Q4(140)] ✅
S39G01N140.json: 20220103 (수원 KT vs 원주 DB) [Q1(175), Q2(146), Q3(122), Q4(165)] ✅
S39G01N141.json: 20220103 (서울 삼성 vs 안양 KGC) [Q1(145), Q2(142), Q3(171), Q4(128)] ✅
S39G01N142.json: 20220104 (울산 현대모비스 vs 서울 SK) [Q1(142), Q2(154), Q3(162), Q4(167)] ✅
S39G01N143.json: 20220105 (수원 KT vs 대구 한국가스공사) [Q1(184), Q2(132), Q3(163), Q4(158)] ✅
S39G01N144.json: 20220106 (창원 LG vs 고양 오리온) [Q1(151), Q2(141), Q3(154), Q4(162)] ✅
S39G01N145.json: 20220107 (서울 삼성 vs 대구 한국가스공사) [Q1(143), Q2(132), Q3(157), Q4(152)] ✅
S39G01N146.json: 20220108 (원주 DB vs 안양 KGC) [Q1(145), Q2(172), Q3(147), Q4(137)] ✅
S39G01N147.json: 20220108 (서울 SK vs 고양 오리온) [Q1(156), Q2(156), Q3(153), Q4(157)] ✅
S39G01N148.json: 20220108 (창원 LG vs 울산 현대모비스) [Q1(151), Q2(143), Q3(161), Q4(140)] ✅
S39G01N149.json: 20220108 (전주 KCC vs 수원 KT) [Q1(147), Q2(124), Q3(158), Q4(142)] ✅
S39G01N150.json: 20220109 (서울 삼성 vs 원주 DB) [Q1(143), Q2(127), Q3(141), Q4(154)] ✅
S39G01N151.json: 20220109 (안양 KGC vs 서울 SK) [Q1(151), Q2(162), Q3(153), Q4(149)] ✅
S39G01N152.json: 20220109 (전주 KCC vs 창원 LG) [Q1(93), Q2(131), Q3(140), Q4(149), 연장(137)] ✅
S39G01N153.json: 20220109 (대구 한국가스공사 vs 울산 현대모비스) [Q1(140), Q2(129), Q3(166), Q4(133)] ✅
S39G01N154.json: 20220110 (고양 오리온 vs 수원 KT) [Q1(108), Q2(136), Q3(149), Q4(184)] ✅
S39G01N155.json: 20220111 (서울 SK vs 창원 LG) [Q1(155), Q2(158), Q3(143), Q4(138)] ✅
S39G01N156.json: 20220111 (원주 DB vs 전주 KCC) [Q1(131), Q2(146), Q3(160), Q4(144)] ✅
S39G01N157.json: 20220112 (서울 삼성 vs 울산 현대모비스) [Q1(149), Q2(139), Q3(141), Q4(156)] ✅
S39G01N158.json: 20220112 (안양 KGC vs 대구 한국가스공사) [Q1(122), Q2(147), Q3(139), Q4(143)] ✅
S39G01N159.json: 20220118 (안양 KGC vs 창원 LG) [Q1(133), Q2(141), Q3(147), Q4(147)] ✅
S39G01N160.json: 20220119 (수원 KT vs 서울 SK) [Q1(152), Q2(137), Q3(155), Q4(166)] ✅
S39G01N161.json: 20220119 (전주 KCC vs 고양 오리온) [Q1(140), Q2(122), Q3(156), Q4(162)] ✅
S39G01N162.json: 20220120 (대구 한국가스공사 vs 원주 DB) [Q1(147), Q2(175), Q3(166), Q4(155)] ✅
S39G01N163.json: 20220121 (울산 현대모비스 vs 안양 KGC) [Q1(163), Q2(126), Q3(150), Q4(159)] ✅
S39G01N164.json: 20220122 (전주 KCC vs 서울 삼성) [Q1(161), Q2(135), Q3(137), Q4(173)] ✅
S39G01N165.json: 20220122 (고양 오리온 vs 대구 한국가스공사) [Q1(148), Q2(121), Q3(142), Q4(141)] ✅
S39G01N166.json: 20220122 (서울 SK vs 원주 DB) [Q1(150), Q2(144), Q3(151), Q4(140)] ✅
S39G01N167.json: 20220122 (창원 LG vs 수원 KT) [Q1(153), Q2(132), Q3(151), Q4(125)] ✅
S39G01N168.json: 20220123 (고양 오리온 vs 서울 삼성) [Q1(138), Q2(130), Q3(123), Q4(154)] ✅
S39G01N169.json: 20220123 (전주 KCC vs 안양 KGC) [Q1(139), Q2(121), Q3(140), Q4(156)] ✅
S39G01N170.json: 20220123 (원주 DB vs 창원 LG) [Q1(121), Q2(155), Q3(144), Q4(137)] ✅
S39G01N171.json: 20220123 (울산 현대모비스 vs 수원 KT) [Q1(148), Q2(148), Q3(143), Q4(155)] ✅
S39G01N172.json: 20220124 (서울 SK vs 대구 한국가스공사) [Q1(146), Q2(139), Q3(168), Q4(148)] ✅
S39G01N173.json: 20220331 (창원 LG vs 서울 삼성) [Q1(175), Q2(145), Q3(138), Q4(147)] ✅
S39G01N174.json: 20220126 (울산 현대모비스 vs 원주 DB) [Q1(124), Q2(121), Q3(156), Q4(149)] ✅
S39G01N175.json: 20220127 (안양 KGC vs 고양 오리온) [Q1(145), Q2(124), Q3(154), Q4(138)] ✅
S39G01N176.json: 20220128 (울산 현대모비스 vs 전주 KCC) [Q1(126), Q2(150), Q3(141), Q4(147)] ✅
S39G01N177.json: 20220323 (고양 오리온 vs 원주 DB) [Q1(145), Q2(141), Q3(151), Q4(139)] ✅
S39G01N178.json: 20220404 (서울 삼성 vs 서울 SK) [Q1(146), Q2(138), Q3(156), Q4(198)] ✅
S39G01N179.json: 20220129 (안양 KGC vs 수원 KT) [Q1(169), Q2(169), Q3(148), Q4(170)] ✅
S39G01N180.json: 20220130 (대구 한국가스공사 vs 전주 KCC) [Q1(119), Q2(100), Q3(139), Q4(144)] ✅
S39G01N181.json: 20220130 (울산 현대모비스 vs 창원 LG) [Q1(146), Q2(143), Q3(153), Q4(164)] ✅
S39G01N182.json: 20220130 (서울 SK vs 원주 DB) [Q1(148), Q2(156), Q3(180), Q4(163)] ✅
S39G01N183.json: 20220402 (수원 KT vs 고양 오리온) [Q1(160), Q2(134), Q3(142), Q4(156)] ✅
S39G01N184.json: 20220322 (안양 KGC vs 서울 삼성) [Q1(193), Q2(151), Q3(138), Q4(139)] ✅
S39G01N185.json: 20220201 (창원 LG vs 전주 KCC) [Q1(173), Q2(117), Q3(128), Q4(139)] ✅
S39G01N186.json: 20220201 (울산 현대모비스 vs 대구 한국가스공사) [Q1(162), Q2(125), Q3(150), Q4(142)] ✅
S39G01N187.json: 20220315 (수원 KT vs 서울 삼성) [Q1(168), Q2(132), Q3(144), Q4(176)] ✅
S39G01N188.json: 20220202 (원주 DB vs 안양 KGC) [Q1(144), Q2(132), Q3(134), Q4(143)] ✅
S39G01N189.json: 20220331 (고양 오리온 vs 서울 SK) [Q1(139), Q2(157), Q3(152), Q4(153)] ✅
S39G01N190.json: 20220203 (대구 한국가스공사 vs 창원 LG) [Q1(139), Q2(122), Q3(151), Q4(153)] ✅
S39G01N191.json: 20220204 (전주 KCC vs 서울 SK) [Q1(160), Q2(144), Q3(142), Q4(152)] ✅
S39G01N192.json: 20220205 (고양 오리온 vs 울산 현대모비스) [Q1(156), Q2(129), Q3(168), Q4(153)] ✅
S39G01N193.json: 20220205 (대구 한국가스공사 vs 원주 DB) [Q1(153), Q2(136), Q3(167), Q4(157)] ✅
S39G01N194.json: 20220205 (창원 LG vs 안양 KGC) [Q1(150), Q2(138), Q3(168), Q4(164)] ✅
S39G01N195.json: 20220206 (서울 SK vs 수원 KT) [Q1(145), Q2(145), Q3(170), Q4(147)] ✅
S39G01N196.json: 20220206 (원주 DB vs 울산 현대모비스) [Q1(157), Q2(151), Q3(148), Q4(145)] ✅
S39G01N197.json: 20220206 (전주 KCC vs 서울 삼성) [Q1(179), Q2(148), Q3(151), Q4(141)] ✅
S39G01N198.json: 20220329 (안양 KGC vs 대구 한국가스공사) [Q1(136), Q2(123), Q3(165), Q4(159)] ✅
S39G01N199.json: 20220208 (수원 KT vs 원주 DB) [Q1(139), Q2(155), Q3(152), Q4(155)] ✅
S39G01N200.json: 20220208 (창원 LG vs 고양 오리온) [Q1(151), Q2(143), Q3(156), Q4(165)] ✅
S39G01N201.json: 20220209 (서울 삼성 vs 울산 현대모비스) [Q1(169), Q2(130), Q3(168), Q4(144)] ✅
S39G01N202.json: 20220210 (고양 오리온 vs 전주 KCC) [Q1(68), Q2(119), Q3(154), Q4(138), 연장(152)] ✅
S39G01N203.json: 20220211 (수원 KT vs 울산 현대모비스) [Q1(149), Q2(148), Q3(126), Q4(178)] ✅
S39G01N204.json: 20220212 (대구 한국가스공사 vs 서울 SK) [Q1(128), Q2(105), Q3(158), Q4(178)] ✅
S39G01N205.json: 20220212 (전주 KCC vs 안양 KGC) [Q1(121), Q2(134), Q3(142), Q4(150)] ✅
S39G01N206.json: 20220212 (원주 DB vs 고양 오리온) [Q1(131), Q2(109), Q3(138), Q4(144)] ✅
S39G01N207.json: 20220212 (서울 삼성 vs 창원 LG) [Q1(182), Q2(140), Q3(152), Q4(174)] ✅
S39G01N208.json: 20220213 (전주 KCC vs 수원 KT) [Q1(142), Q2(133), Q3(142), Q4(137)] ✅
S39G01N209.json: 20220213 (안양 KGC vs 울산 현대모비스) [Q1(153), Q2(133), Q3(157), Q4(147)] ✅
S39G01N210.json: 20220213 (대구 한국가스공사 vs 고양 오리온) [Q1(150), Q2(104), Q3(153), Q4(160)] ✅
S39G01N211.json: 20220213 (서울 삼성 vs 서울 SK) [Q1(163), Q2(160), Q3(166), Q4(159)] ✅
S39G01N212.json: 20220214 (창원 LG vs 원주 DB) [Q1(185), Q2(124), Q3(169), Q4(140)] ✅
S39G01N213.json: 20220331 (안양 KGC vs 수원 KT) [Q1(160), Q2(139), Q3(167), Q4(163)] ✅
S39G01N214.json: 20220215 (울산 현대모비스 vs 서울 SK) [Q1(144), Q2(142), Q3(157), Q4(156)] ✅
S39G01N215.json: 20220215 (서울 삼성 vs 대구 한국가스공사) [Q1(135), Q2(143), Q3(146), Q4(147)] ✅
S39G01N216.json: 20220330 (원주 DB vs 전주 KCC) [Q1(150), Q2(113), Q3(134), Q4(158)] ✅
S39G01N217.json: 20220302 (고양 오리온 vs 서울 삼성) [Q1(161), Q2(131), Q3(165), Q4(146)] ✅
S39G01N218.json: 20220302 (서울 SK vs 안양 KGC) [Q1(166), Q2(129), Q3(171), Q4(184)] ✅
S39G01N219.json: 20220303 (수원 KT vs 창원 LG) [Q1(156), Q2(139), Q3(166), Q4(163)] ✅
S39G01N220.json: 20220401 (전주 KCC vs 대구 한국가스공사) [Q1(106), Q2(101), Q3(159), Q4(141)] ✅
S39G01N221.json: 20220304 (원주 DB vs 서울 삼성) [Q1(147), Q2(159), Q3(158), Q4(161)] ✅
S39G01N222.json: 20220305 (전주 KCC vs 울산 현대모비스) [Q1(154), Q2(141), Q3(131), Q4(137)] ✅
S39G01N223.json: 20220305 (서울 SK vs 창원 LG) [Q1(139), Q2(129), Q3(145), Q4(128)] ✅
S39G01N224.json: 20220330 (수원 KT vs 대구 한국가스공사) [Q1(145), Q2(127), Q3(158), Q4(164)] ✅
S39G01N225.json: 20220305 (고양 오리온 vs 안양 KGC) [Q1(141), Q2(147), Q3(188), Q4(140)] ✅
S39G01N226.json: 20220306 (원주 DB vs 서울 SK) [Q1(123), Q2(132), Q3(157), Q4(147)] ✅
S39G01N227.json: 20220306 (서울 삼성 vs 울산 현대모비스) [Q1(152), Q2(156), Q3(190), Q4(167)] ✅
S39G01N228.json: 20220306 (전주 KCC vs 수원 KT) [Q1(149), Q2(129), Q3(139), Q4(157)] ✅
S39G01N229.json: 20220403 (대구 한국가스공사 vs 안양 KGC) [Q1(124), Q2(115), Q3(137), Q4(160)] ✅
S39G01N230.json: 20220307 (고양 오리온 vs 창원 LG) [Q1(162), Q2(138), Q3(179), Q4(139)] ✅
S39G01N231.json: 20220308 (서울 삼성 vs 전주 KCC) [Q1(183), Q2(132), Q3(158), Q4(146)] ✅
S39G01N232.json: 20220309 (서울 SK vs 울산 현대모비스) [Q1(150), Q2(135), Q3(146), Q4(153)] ✅
S39G01N233.json: 20220310 (원주 DB vs 수원 KT) [Q1(175), Q2(164), Q3(147), Q4(163)] ✅
S39G01N234.json: 20220311 (서울 SK vs 대구 한국가스공사) [Q1(140), Q2(135), Q3(149), Q4(149)] ✅
S39G01N235.json: 20220311 (서울 삼성 vs 안양 KGC) [Q1(139), Q2(151), Q3(176), Q4(184)] ✅
S39G01N236.json: 20220403 (창원 LG vs 전주 KCC) [Q1(146), Q2(114), Q3(142), Q4(129)] ✅
S39G01N237.json: 20220312 (고양 오리온 vs 수원 KT) [Q1(146), Q2(130), Q3(158), Q4(156)] ✅
S39G01N238.json: 20220312 (울산 현대모비스 vs 원주 DB) [Q1(164), Q2(126), Q3(144), Q4(129)] ✅
S39G01N239.json: 20220313 (서울 SK vs 서울 삼성) [Q1(159), Q2(169), Q3(186), Q4(141)] ✅
S39G01N240.json: 20220402 (창원 LG vs 안양 KGC) [Q1(138), Q2(124), Q3(166), Q4(141)] ✅
S39G01N241.json: 20220313 (고양 오리온 vs 대구 한국가스공사) [Q1(142), Q2(134), Q3(150), Q4(161)] ✅
S39G01N242.json: 20220314 (전주 KCC vs 원주 DB) [Q1(120), Q2(134), Q3(150), Q4(150)] ✅
S39G01N243.json: 20220315 (서울 SK vs 고양 오리온) [Q1(169), Q2(162), Q3(164), Q4(145)] ✅
S39G01N244.json: 20220316 (대구 한국가스공사 vs 전주 KCC) [Q1(133), Q2(130), Q3(133), Q4(123)] ✅
S39G01N245.json: 20220317 (안양 KGC vs 원주 DB) [Q1(136), Q2(140), Q3(168), Q4(153)] ✅
S39G01N246.json: 20220318 (수원 KT vs 울산 현대모비스) [Q1(158), Q2(128), Q3(173), Q4(128)] ✅
S39G01N247.json: 20220318 (창원 LG vs 서울 삼성) [Q1(141), Q2(150), Q3(159), Q4(159)] ✅
S39G01N248.json: 20220319 (원주 DB vs 대구 한국가스공사) [Q1(161), Q2(125), Q3(147), Q4(161)] ✅
S39G01N249.json: 20220319 (서울 SK vs 전주 KCC) [Q1(143), Q2(151), Q3(143), Q4(134)] ✅
S39G01N250.json: 20220319 (안양 KGC vs 고양 오리온) [Q1(150), Q2(134), Q3(165), Q4(168)] ✅
S39G01N251.json: 20220320 (대구 한국가스공사 vs 창원 LG) [Q1(137), Q2(151), Q3(149), Q4(139)] ✅
S39G01N252.json: 20220320 (수원 KT vs 서울 삼성) [Q1(145), Q2(129), Q3(160), Q4(154)] ✅
S39G01N253.json: 20220320 (안양 KGC vs 울산 현대모비스) [Q1(174), Q2(133), Q3(150), Q4(136)] ✅
S39G01N254.json: 20220321 (고양 오리온 vs 원주 DB) [Q1(158), Q2(145), Q3(161), Q4(162)] ✅
S39G01N255.json: 20220403 (서울 SK vs 수원 KT) [Q1(160), Q2(128), Q3(162), Q4(165)] ✅
S39G01N256.json: 20220323 (창원 LG vs 울산 현대모비스) [Q1(143), Q2(131), Q3(187), Q4(144)] ✅
S39G01N257.json: 20220324 (서울 삼성 vs 대구 한국가스공사) [Q1(156), Q2(144), Q3(157), Q4(169)] ✅
S39G01N258.json: 20220325 (전주 KCC vs 고양 오리온) [Q1(158), Q2(131), Q3(144), Q4(144)] ✅
S39G01N259.json: 20220325 (수원 KT vs 안양 KGC) [Q1(137), Q2(138), Q3(124), Q4(143)] ✅
S39G01N260.json: 20220326 (창원 LG vs 서울 SK) [Q1(138), Q2(128), Q3(161), Q4(149)] ✅
S39G01N261.json: 20220326 (울산 현대모비스 vs 대구 한국가스공사) [Q1(120), Q2(126), Q3(150), Q4(161)] ✅
S39G01N262.json: 20220326 (서울 삼성 vs 원주 DB) [Q1(163), Q2(131), Q3(162), Q4(155)] ✅
S39G01N263.json: 20220327 (울산 현대모비스 vs 고양 오리온) [Q1(178), Q2(143), Q3(141), Q4(149)] ✅
S39G01N264.json: 20220327 (전주 KCC vs 안양 KGC) [Q1(125), Q2(120), Q3(151), Q4(141)] ✅
S39G01N265.json: 20220327 (수원 KT vs 창원 LG) [Q1(130), Q2(142), Q3(150), Q4(157)] ✅
S39G01N266.json: 20220405 (안양 KGC vs 서울 SK) [Q1(145), Q2(129), Q3(136), Q4(151)] ✅
S39G01N267.json: 20220405 (원주 DB vs 창원 LG) [Q1(140), Q2(124), Q3(151), Q4(135)] ✅
S39G01N268.json: 20220405 (서울 삼성 vs 고양 오리온) [Q1(162), Q2(136), Q3(191), Q4(171)] ✅
S39G01N269.json: 20220405 (울산 현대모비스 vs 전주 KCC) [Q1(149), Q2(117), Q3(143), Q4(146)] ✅
S39G01N270.json: 20220405 (대구 한국가스공사 vs 수원 KT) [Q1(130), Q2(141), Q3(149), Q4(145)] ✅
총 270개의 .json 파일
✅ 잘못된 파일 없음
✅ 빠진 번호 없음
======================================== [2022-2023] file check ========================================
S41G01N1.json: 20221015 (서울 SK vs 안양 KGC) [Q1(151), Q2(146), Q3(151), Q4(142)] ✅
S41G01N2.json: 20221015 (수원 KT vs 울산 현대모비스) [Q1(133), Q2(140), Q3(174), Q4(157)] ✅
S41G01N3.json: 20221015 (고양 캐롯 vs 원주 DB) [Q1(158), Q2(157), Q3(154), Q4(144)] ✅
S41G01N4.json: 20221016 (창원 LG vs 서울 삼성) [Q1(182), Q2(126), Q3(163), Q4(162)] ✅
S41G01N5.json: 20221016 (대구 한국가스공사 vs 전주 KCC) [Q1(130), Q2(146), Q3(146), Q4(138)] ✅
S41G01N6.json: 20221016 (안양 KGC vs 고양 캐롯) [Q1(144), Q2(137), Q3(145), Q4(128)] ✅
S41G01N7.json: 20221018 (창원 LG vs 전주 KCC) [Q1(145), Q2(126), Q3(166), Q4(144)] ✅
S41G01N8.json: 20221019 (대구 한국가스공사 vs 원주 DB) [Q1(139), Q2(159), Q3(152), Q4(149)] ✅
S41G01N9.json: 20221020 (안양 KGC vs 울산 현대모비스) [Q1(149), Q2(112), Q3(162), Q4(150)] ✅
S41G01N10.json: 20221020 (수원 KT vs 서울 삼성) [Q1(152), Q2(119), Q3(163), Q4(159)] ✅
S41G01N11.json: 20221021 (고양 캐롯 vs 창원 LG) [Q1(145), Q2(142), Q3(158), Q4(174)] ✅
S41G01N12.json: 20221022 (대구 한국가스공사 vs 서울 SK) [Q1(175), Q2(134), Q3(165), Q4(146)] ✅
S41G01N13.json: 20221022 (원주 DB vs 수원 KT) [Q1(157), Q2(141), Q3(172), Q4(154)] ✅
S41G01N14.json: 20221022 (서울 삼성 vs 안양 KGC) [Q1(145), Q2(136), Q3(133), Q4(141)] ✅
S41G01N15.json: 20221022 (전주 KCC vs 울산 현대모비스) [Q1(151), Q2(138), Q3(165), Q4(156)] ✅
S41G01N16.json: 20221023 (원주 DB vs 서울 SK) [Q1(130), Q2(150), Q3(161), Q4(162)] ✅
S41G01N17.json: 20221023 (서울 삼성 vs 대구 한국가스공사) [Q1(142), Q2(158), Q3(162), Q4(175)] ✅
S41G01N18.json: 20221023 (전주 KCC vs 안양 KGC) [Q1(66), Q2(127), Q3(146), Q4(129), 연장(145)] ✅
S41G01N19.json: 20221024 (창원 LG vs 수원 KT) [Q1(138), Q2(152), Q3(169), Q4(124)] ✅
S41G01N20.json: 20221025 (서울 SK vs 울산 현대모비스) [Q1(140), Q2(148), Q3(166), Q4(133)] ✅
S41G01N21.json: 20221025 (전주 KCC vs 고양 캐롯) [Q1(144), Q2(134), Q3(157), Q4(144)] ✅
S41G01N22.json: 20221027 (원주 DB vs 서울 삼성) [Q1(146), Q2(136), Q3(180), Q4(153)] ✅
S41G01N23.json: 20221028 (대구 한국가스공사 vs 울산 현대모비스) [Q1(145), Q2(165), Q3(151), Q4(144)] ✅
S41G01N24.json: 20221028 (창원 LG vs 안양 KGC) [Q1(193), Q2(145), Q3(139), Q4(150)] ✅
S41G01N25.json: 20221029 (전주 KCC vs 원주 DB) [Q1(151), Q2(127), Q3(175), Q4(161)] ✅
S41G01N26.json: 20221029 (수원 KT vs 고양 캐롯) [Q1(127), Q2(138), Q3(164), Q4(121)] ✅
S41G01N27.json: 20221029 (서울 SK vs 서울 삼성) [Q1(77), Q2(142), Q3(165), Q4(138), 연장(172)] ✅
S41G01N28.json: 20221030 (안양 KGC vs 수원 KT) [Q1(155), Q2(134), Q3(155), Q4(155)] ✅
S41G01N29.json: 20221030 (고양 캐롯 vs 대구 한국가스공사) [Q1(118), Q2(143), Q3(157), Q4(155)] ✅
S41G01N30.json: 20221030 (창원 LG vs 울산 현대모비스) [Q1(134), Q2(143), Q3(169), Q4(172)] ✅
S41G01N31.json: 20221031 (전주 KCC vs 서울 SK) [Q1(141), Q2(129), Q3(168), Q4(154)] ✅
S41G01N32.json: 20221101 (창원 LG vs 원주 DB) [Q1(162), Q2(137), Q3(135), Q4(129)] ✅
S41G01N33.json: 20221101 (서울 삼성 vs 울산 현대모비스) [Q1(159), Q2(141), Q3(149), Q4(175)] ✅
S41G01N34.json: 20221103 (대구 한국가스공사 vs 수원 KT) [Q1(145), Q2(132), Q3(171), Q4(145)] ✅
S41G01N35.json: 20221103 (원주 DB vs 안양 KGC) [Q1(143), Q2(124), Q3(164), Q4(174)] ✅
S41G01N36.json: 20221104 (서울 삼성 vs 고양 캐롯) [Q1(150), Q2(149), Q3(149), Q4(170)] ✅
S41G01N37.json: 20221105 (안양 KGC vs 대구 한국가스공사) [Q1(150), Q2(138), Q3(145), Q4(144)] ✅
S41G01N38.json: 20221105 (수원 KT vs 전주 KCC) [Q1(145), Q2(128), Q3(139), Q4(175)] ✅
S41G01N39.json: 20221105 (원주 DB vs 울산 현대모비스) [Q1(139), Q2(154), Q3(165), Q4(167)] ✅
S41G01N40.json: 20221106 (서울 삼성 vs 전주 KCC) [Q1(147), Q2(136), Q3(146), Q4(153)] ✅
S41G01N41.json: 20221106 (대구 한국가스공사 vs 창원 LG) [Q1(146), Q2(120), Q3(153), Q4(130)] ✅
S41G01N42.json: 20221106 (고양 캐롯 vs 울산 현대모비스) [Q1(150), Q2(125), Q3(173), Q4(160)] ✅
S41G01N43.json: 20221106 (수원 KT vs 서울 SK) [Q1(151), Q2(128), Q3(134), Q4(143)] ✅
S41G01N44.json: 20221110 (고양 캐롯 vs 서울 SK) [Q1(136), Q2(158), Q3(149), Q4(138)] ✅
S41G01N45.json: 20221110 (안양 KGC vs 서울 삼성) [Q1(163), Q2(136), Q3(156), Q4(142)] ✅
S41G01N46.json: 20221112 (전주 KCC vs 원주 DB) [Q1(130), Q2(136), Q3(153), Q4(158)] ✅
S41G01N47.json: 20221113 (서울 삼성 vs 고양 캐롯) [Q1(166), Q2(154), Q3(152), Q4(162)] ✅
S41G01N48.json: 20221113 (창원 LG vs 서울 SK) [Q1(138), Q2(145), Q3(152), Q4(134)] ✅
S41G01N49.json: 20221116 (안양 KGC vs 울산 현대모비스) [Q1(173), Q2(149), Q3(157), Q4(144)] ✅
S41G01N50.json: 20221116 (서울 SK vs 전주 KCC) [Q1(163), Q2(139), Q3(143), Q4(150)] ✅
S41G01N51.json: 20221117 (대구 한국가스공사 vs 고양 캐롯) [Q1(125), Q2(135), Q3(178), Q4(127)] ✅
S41G01N52.json: 20221117 (서울 삼성 vs 수원 KT) [Q1(147), Q2(124), Q3(147), Q4(146)] ✅
S41G01N53.json: 20221118 (전주 KCC vs 창원 LG) [Q1(134), Q2(144), Q3(143), Q4(149)] ✅
S41G01N54.json: 20221118 (원주 DB vs 안양 KGC) [Q1(156), Q2(138), Q3(142), Q4(168)] ✅
S41G01N55.json: 20221119 (울산 현대모비스 vs 서울 삼성) [Q1(150), Q2(128), Q3(157), Q4(162)] ✅
S41G01N56.json: 20221119 (서울 SK vs 대구 한국가스공사) [Q1(154), Q2(153), Q3(147), Q4(142)] ✅
S41G01N57.json: 20221119 (고양 캐롯 vs 수원 KT) [Q1(133), Q2(137), Q3(140), Q4(134)] ✅
S41G01N58.json: 20221120 (울산 현대모비스 vs 대구 한국가스공사) [Q1(118), Q2(147), Q3(144), Q4(180)] ✅
S41G01N59.json: 20221120 (창원 LG vs 안양 KGC) [Q1(134), Q2(144), Q3(157), Q4(138)] ✅
S41G01N60.json: 20221120 (고양 캐롯 vs 원주 DB) [Q1(128), Q2(115), Q3(152), Q4(156)] ✅
S41G01N61.json: 20221120 (서울 SK vs 수원 KT) [Q1(148), Q2(148), Q3(161), Q4(132)] ✅
S41G01N62.json: 20221121 (서울 삼성 vs 전주 KCC) [Q1(177), Q2(124), Q3(153), Q4(134)] ✅
S41G01N63.json: 20221122 (원주 DB vs 창원 LG) [Q1(139), Q2(137), Q3(162), Q4(153)] ✅
S41G01N64.json: 20221123 (전주 KCC vs 안양 KGC) [Q1(134), Q2(141), Q3(162), Q4(145)] ✅
S41G01N65.json: 20221124 (서울 SK vs 울산 현대모비스) [Q1(159), Q2(159), Q3(168), Q4(159)] ✅
S41G01N66.json: 20221124 (수원 KT vs 원주 DB) [Q1(168), Q2(134), Q3(136), Q4(143)] ✅
S41G01N67.json: 20221125 (대구 한국가스공사 vs 서울 삼성) [Q1(136), Q2(129), Q3(144), Q4(156)] ✅
S41G01N68.json: 20221125 (안양 KGC vs 고양 캐롯) [Q1(129), Q2(127), Q3(158), Q4(144)] ✅
S41G01N69.json: 20221126 (서울 SK vs 원주 DB) [Q1(141), Q2(138), Q3(161), Q4(133)] ✅
S41G01N70.json: 20221126 (울산 현대모비스 vs 전주 KCC) [Q1(148), Q2(122), Q3(138), Q4(156)] ✅
S41G01N71.json: 20221126 (수원 KT vs 창원 LG) [Q1(124), Q2(135), Q3(151), Q4(135)] ✅
S41G01N72.json: 20221127 (안양 KGC vs 서울 SK) [Q1(153), Q2(117), Q3(167), Q4(125)] ✅
S41G01N73.json: 20221128 (울산 현대모비스 vs 창원 LG) [Q1(141), Q2(129), Q3(167), Q4(158)] ✅
S41G01N74.json: 20221129 (고양 캐롯 vs 서울 SK) [Q1(145), Q2(140), Q3(160), Q4(158)] ✅
S41G01N75.json: 20221130 (서울 삼성 vs 창원 LG) [Q1(157), Q2(140), Q3(131), Q4(184)] ✅
S41G01N76.json: 20221201 (대구 한국가스공사 vs 전주 KCC) [Q1(150), Q2(141), Q3(136), Q4(161)] ✅
S41G01N77.json: 20221201 (수원 KT vs 안양 KGC) [Q1(142), Q2(111), Q3(178), Q4(141)] ✅
S41G01N78.json: 20221202 (원주 DB vs 서울 삼성) [Q1(136), Q2(130), Q3(134), Q4(156)] ✅
S41G01N79.json: 20221202 (울산 현대모비스 vs 고양 캐롯) [Q1(117), Q2(135), Q3(145), Q4(140)] ✅
S41G01N80.json: 20221203 (창원 LG vs 서울 SK) [Q1(136), Q2(143), Q3(147), Q4(141)] ✅
S41G01N81.json: 20221203 (대구 한국가스공사 vs 안양 KGC) [Q1(162), Q2(120), Q3(150), Q4(149)] ✅
S41G01N82.json: 20221203 (전주 KCC vs 수원 KT) [Q1(135), Q2(145), Q3(136), Q4(127)] ✅
S41G01N83.json: 20221204 (서울 삼성 vs 안양 KGC) [Q1(144), Q2(144), Q3(155), Q4(150)] ✅
S41G01N84.json: 20221204 (고양 캐롯 vs 창원 LG) [Q1(151), Q2(143), Q3(140), Q4(147)] ✅
S41G01N85.json: 20221204 (수원 KT vs 대구 한국가스공사) [Q1(142), Q2(123), Q3(151), Q4(143)] ✅
S41G01N86.json: 20221205 (원주 DB vs 울산 현대모비스) [Q1(154), Q2(146), Q3(151), Q4(153)] ✅
S41G01N87.json: 20221206 (서울 SK vs 서울 삼성) [Q1(137), Q2(139), Q3(186), Q4(149)] ✅
S41G01N88.json: 20221207 (창원 LG vs 대구 한국가스공사) [Q1(151), Q2(124), Q3(162), Q4(190)] ✅
S41G01N89.json: 20221208 (고양 캐롯 vs 전주 KCC) [Q1(117), Q2(128), Q3(166), Q4(134)] ✅
S41G01N90.json: 20221208 (울산 현대모비스 vs 수원 KT) [Q1(159), Q2(131), Q3(152), Q4(146)] ✅
S41G01N91.json: 20221209 (대구 한국가스공사 vs 원주 DB) [Q1(161), Q2(139), Q3(130), Q4(164)] ✅
S41G01N92.json: 20221210 (서울 SK vs 전주 KCC) [Q1(137), Q2(166), Q3(148), Q4(129)] ✅
S41G01N93.json: 20221210 (창원 LG vs 수원 KT) [Q1(131), Q2(150), Q3(159), Q4(152)] ✅
S41G01N94.json: 20221210 (울산 현대모비스 vs 고양 캐롯) [Q1(153), Q2(137), Q3(168), Q4(148)] ✅
S41G01N95.json: 20221211 (창원 LG vs 서울 삼성) [Q1(142), Q2(153), Q3(159), Q4(155)] ✅
S41G01N96.json: 20221211 (대구 한국가스공사 vs 안양 KGC) [Q1(136), Q2(130), Q3(149), Q4(162)] ✅
S41G01N97.json: 20221211 (원주 DB vs 서울 SK) [Q1(146), Q2(137), Q3(144), Q4(165)] ✅
S41G01N98.json: 20221212 (전주 KCC vs 울산 현대모비스) [Q1(137), Q2(128), Q3(142), Q4(146)] ✅
S41G01N99.json: 20221213 (원주 DB vs 고양 캐롯) [Q1(130), Q2(146), Q3(134), Q4(155)] ✅
S41G01N100.json: 20221214 (대구 한국가스공사 vs 서울 삼성) [Q1(147), Q2(143), Q3(155), Q4(135)] ✅
S41G01N101.json: 20221215 (수원 KT vs 서울 SK) [Q1(139), Q2(139), Q3(154), Q4(150)] ✅
S41G01N102.json: 20221215 (안양 KGC vs 전주 KCC) [Q1(138), Q2(143), Q3(135), Q4(136)] ✅
S41G01N103.json: 20221216 (울산 현대모비스 vs 원주 DB) [Q1(144), Q2(165), Q3(146), Q4(182)] ✅
S41G01N104.json: 20221216 (대구 한국가스공사 vs 창원 LG) [Q1(145), Q2(124), Q3(149), Q4(155)] ✅
S41G01N105.json: 20221217 (고양 캐롯 vs 서울 SK) [Q1(169), Q2(126), Q3(138), Q4(126)] ✅
S41G01N106.json: 20221217 (수원 KT vs 안양 KGC) [Q1(139), Q2(131), Q3(145), Q4(141)] ✅
S41G01N107.json: 20221217 (전주 KCC vs 서울 삼성) [Q1(123), Q2(133), Q3(160), Q4(146)] ✅
S41G01N108.json: 20221218 (대구 한국가스공사 vs 원주 DB) [Q1(153), Q2(136), Q3(137), Q4(142)] ✅
S41G01N109.json: 20221218 (안양 KGC vs 서울 SK) [Q1(138), Q2(126), Q3(151), Q4(134)] ✅
S41G01N110.json: 20221218 (창원 LG vs 고양 캐롯) [Q1(126), Q2(158), Q3(143), Q4(159)] ✅
S41G01N111.json: 20221219 (울산 현대모비스 vs 서울 삼성) [Q1(135), Q2(127), Q3(178), Q4(137)] ✅
S41G01N112.json: 20221220 (전주 KCC vs 수원 KT) [Q1(151), Q2(134), Q3(142), Q4(158)] ✅
S41G01N113.json: 20221221 (대구 한국가스공사 vs 서울 SK) [Q1(149), Q2(113), Q3(151), Q4(140)] ✅
S41G01N114.json: 20221222 (고양 캐롯 vs 서울 삼성) [Q1(155), Q2(130), Q3(147), Q4(137)] ✅
S41G01N115.json: 20221222 (원주 DB vs 창원 LG) [Q1(163), Q2(160), Q3(154), Q4(159)] ✅
S41G01N116.json: 20221223 (울산 현대모비스 vs 서울 SK) [Q1(139), Q2(137), Q3(169), Q4(145)] ✅
S41G01N117.json: 20221223 (수원 KT vs 대구 한국가스공사) [Q1(171), Q2(168), Q3(129), Q4(176)] ✅
S41G01N118.json: 20221224 (원주 DB vs 서울 삼성) [Q1(145), Q2(129), Q3(171), Q4(162)] ✅
S41G01N119.json: 20221224 (전주 KCC vs 고양 캐롯) [Q1(149), Q2(129), Q3(167), Q4(138)] ✅
S41G01N120.json: 20221224 (안양 KGC vs 창원 LG) [Q1(138), Q2(147), Q3(178), Q4(117)] ✅
S41G01N121.json: 20221225 (수원 KT vs 원주 DB) [Q1(147), Q2(147), Q3(152), Q4(149)] ✅
S41G01N122.json: 20221225 (울산 현대모비스 vs 대구 한국가스공사) [Q1(123), Q2(166), Q3(150), Q4(171)] ✅
S41G01N123.json: 20221225 (서울 SK vs 서울 삼성) [Q1(154), Q2(133), Q3(153), Q4(169)] ✅
S41G01N124.json: 20221226 (창원 LG vs 전주 KCC) [Q1(130), Q2(130), Q3(169), Q4(132)] ✅
S41G01N125.json: 20221227 (안양 KGC vs 고양 캐롯) [Q1(147), Q2(137), Q3(155), Q4(142)] ✅
S41G01N126.json: 20221227 (수원 KT vs 울산 현대모비스) [Q1(135), Q2(146), Q3(164), Q4(153)] ✅
S41G01N127.json: 20221229 (안양 KGC vs 원주 DB) [Q1(141), Q2(141), Q3(142), Q4(138)] ✅
S41G01N128.json: 20221229 (전주 KCC vs 대구 한국가스공사) [Q1(124), Q2(134), Q3(148), Q4(131)] ✅
S41G01N129.json: 20221230 (수원 KT vs 서울 삼성) [Q1(157), Q2(133), Q3(154), Q4(139)] ✅
S41G01N130.json: 20221231 (고양 캐롯 vs 대구 한국가스공사) [Q1(135), Q2(144), Q3(139), Q4(133)] ✅
S41G01N131.json: 20221231 (울산 현대모비스 vs 안양 KGC) [Q1(142), Q2(142), Q3(143), Q4(142)] ✅
S41G01N132.json: 20221231 (원주 DB vs 전주 KCC) [Q1(152), Q2(140), Q3(139), Q4(157)] ✅
S41G01N133.json: 20230101 (고양 캐롯 vs 수원 KT) [Q1(121), Q2(123), Q3(144), Q4(142)] ✅
S41G01N134.json: 20230101 (서울 삼성 vs 서울 SK) [Q1(140), Q2(131), Q3(156), Q4(141)] ✅
S41G01N135.json: 20230101 (창원 LG vs 울산 현대모비스) [Q1(162), Q2(127), Q3(172), Q4(156)] ✅
S41G01N136.json: 20230102 (원주 DB vs 안양 KGC) [Q1(128), Q2(137), Q3(143), Q4(153)] ✅
S41G01N137.json: 20230103 (전주 KCC vs 고양 캐롯) [Q1(141), Q2(123), Q3(145), Q4(145)] ✅
S41G01N138.json: 20230104 (서울 SK vs 원주 DB) [Q1(161), Q2(140), Q3(148), Q4(155)] ✅
S41G01N139.json: 20230105 (고양 캐롯 vs 울산 현대모비스) [Q1(150), Q2(142), Q3(148), Q4(136)] ✅
S41G01N140.json: 20230105 (서울 삼성 vs 창원 LG) [Q1(175), Q2(145), Q3(148), Q4(147)] ✅
S41G01N141.json: 20230106 (전주 KCC vs 서울 SK) [Q1(114), Q2(141), Q3(160), Q4(138)] ✅
S41G01N142.json: 20230106 (안양 KGC vs 수원 KT) [Q1(141), Q2(121), Q3(154), Q4(158)] ✅
S41G01N143.json: 20230107 (울산 현대모비스 vs 원주 DB) [Q1(93), Q2(148), Q3(142), Q4(154), 연장(140)] ✅
S41G01N144.json: 20230107 (창원 LG vs 고양 캐롯) [Q1(127), Q2(122), Q3(162), Q4(133)] ✅
S41G01N145.json: 20230107 (대구 한국가스공사 vs 서울 삼성) [Q1(151), Q2(130), Q3(150), Q4(147)] ✅
S41G01N146.json: 20230108 (울산 현대모비스 vs 수원 KT) [Q1(148), Q2(129), Q3(150), Q4(151)] ✅
S41G01N147.json: 20230108 (안양 KGC vs 서울 SK) [Q1(152), Q2(122), Q3(156), Q4(142)] ✅
S41G01N148.json: 20230108 (서울 삼성 vs 전주 KCC) [Q1(140), Q2(137), Q3(162), Q4(127)] ✅
S41G01N149.json: 20230109 (고양 캐롯 vs 대구 한국가스공사) [Q1(141), Q2(126), Q3(155), Q4(133)] ✅
S41G01N150.json: 20230110 (수원 KT vs 전주 KCC) [Q1(143), Q2(124), Q3(148), Q4(147)] ✅
S41G01N151.json: 20230110 (서울 SK vs 창원 LG) [Q1(176), Q2(146), Q3(156), Q4(162)] ✅
S41G01N152.json: 20230111 (울산 현대모비스 vs 안양 KGC) [Q1(158), Q2(130), Q3(144), Q4(151)] ✅
S41G01N153.json: 20230117 (원주 DB vs 창원 LG) [Q1(146), Q2(126), Q3(153), Q4(153)] ✅
S41G01N154.json: 20230119 (고양 캐롯 vs 원주 DB) [Q1(125), Q2(148), Q3(165), Q4(145)] ✅
S41G01N155.json: 20230119 (서울 삼성 vs 수원 KT) [Q1(136), Q2(153), Q3(172), Q4(156)] ✅
S41G01N156.json: 20230120 (창원 LG vs 대구 한국가스공사) [Q1(145), Q2(137), Q3(156), Q4(161)] ✅
S41G01N157.json: 20230120 (울산 현대모비스 vs 전주 KCC) [Q1(160), Q2(127), Q3(161), Q4(138)] ✅
S41G01N158.json: 20230121 (수원 KT vs 서울 SK) [Q1(165), Q2(125), Q3(156), Q4(143)] ✅
S41G01N159.json: 20230121 (고양 캐롯 vs 안양 KGC) [Q1(129), Q2(152), Q3(138), Q4(137)] ✅
S41G01N160.json: 20230121 (서울 삼성 vs 원주 DB) [Q1(144), Q2(134), Q3(178), Q4(152)] ✅
S41G01N161.json: 20230122 (대구 한국가스공사 vs 울산 현대모비스) [Q1(185), Q2(129), Q3(184), Q4(143)] ✅
S41G01N162.json: 20230122 (창원 LG vs 전주 KCC) [Q1(125), Q2(124), Q3(161), Q4(140)] ✅
S41G01N163.json: 20230122 (안양 KGC vs 서울 삼성) [Q1(140), Q2(129), Q3(161), Q4(154)] ✅
S41G01N164.json: 20230123 (원주 DB vs 수원 KT) [Q1(145), Q2(154), Q3(170), Q4(158)] ✅
S41G01N165.json: 20230123 (서울 SK vs 고양 캐롯) [Q1(118), Q2(132), Q3(155), Q4(148)] ✅
S41G01N166.json: 20230124 (울산 현대모비스 vs 창원 LG) [Q1(158), Q2(119), Q3(177), Q4(149)] ✅
S41G01N167.json: 20230124 (전주 KCC vs 대구 한국가스공사) [Q1(139), Q2(141), Q3(130), Q4(151)] ✅
S41G01N168.json: 20230126 (원주 DB vs 대구 한국가스공사) [Q1(167), Q2(122), Q3(163), Q4(158)] ✅
S41G01N169.json: 20230127 (서울 삼성 vs 울산 현대모비스) [Q1(146), Q2(151), Q3(159), Q4(138)] ✅
S41G01N170.json: 20230127 (수원 KT vs 고양 캐롯) [Q1(148), Q2(146), Q3(135), Q4(160)] ✅
S41G01N171.json: 20230128 (서울 SK vs 대구 한국가스공사) [Q1(72), Q2(132), Q3(145), Q4(141), 연장(150)] ✅
S41G01N172.json: 20230128 (창원 LG vs 안양 KGC) [Q1(160), Q2(147), Q3(157), Q4(134)] ✅
S41G01N173.json: 20230128 (원주 DB vs 전주 KCC) [Q1(145), Q2(124), Q3(158), Q4(139)] ✅
S41G01N174.json: 20230129 (수원 KT vs 창원 LG) [Q1(151), Q2(136), Q3(156), Q4(134)] ✅
S41G01N175.json: 20230129 (안양 KGC vs 대구 한국가스공사) [Q1(69), Q2(145), Q3(159), Q4(148), 연장(156)] ✅
S41G01N176.json: 20230129 (울산 현대모비스 vs 서울 SK) [Q1(149), Q2(138), Q3(148), Q4(150)] ✅
S41G01N177.json: 20230130 (고양 캐롯 vs 서울 삼성) [Q1(147), Q2(152), Q3(157), Q4(146)] ✅
S41G01N178.json: 20230131 (수원 KT vs 대구 한국가스공사) [Q1(164), Q2(129), Q3(155), Q4(126)] ✅
S41G01N179.json: 20230131 (전주 KCC vs 안양 KGC) [Q1(119), Q2(120), Q3(157), Q4(142)] ✅
S41G01N180.json: 20230201 (서울 SK vs 창원 LG) [Q1(156), Q2(126), Q3(174), Q4(131)] ✅
S41G01N181.json: 20230202 (고양 캐롯 vs 안양 KGC) [Q1(145), Q2(139), Q3(147), Q4(161)] ✅
S41G01N182.json: 20230202 (서울 삼성 vs 수원 KT) [Q1(148), Q2(141), Q3(163), Q4(160)] ✅
S41G01N183.json: 20230203 (창원 LG vs 원주 DB) [Q1(145), Q2(166), Q3(167), Q4(135)] ✅
S41G01N184.json: 20230204 (안양 KGC vs 서울 삼성) [Q1(128), Q2(124), Q3(141), Q4(154)] ✅
S41G01N185.json: 20230204 (울산 현대모비스 vs 고양 캐롯) [Q1(141), Q2(150), Q3(134), Q4(168)] ✅
S41G01N186.json: 20230204 (대구 한국가스공사 vs 수원 KT) [Q1(167), Q2(116), Q3(142), Q4(134)] ✅
S41G01N187.json: 20230205 (울산 현대모비스 vs 원주 DB) [Q1(153), Q2(137), Q3(140), Q4(157)] ✅
S41G01N188.json: 20230205 (전주 KCC vs 창원 LG) [Q1(148), Q2(117), Q3(158), Q4(149)] ✅
S41G01N189.json: 20230205 (서울 SK vs 고양 캐롯) [Q1(116), Q2(128), Q3(156), Q4(128)] ✅
S41G01N190.json: 20230206 (수원 KT vs 안양 KGC) [Q1(119), Q2(125), Q3(151), Q4(142)] ✅
S41G01N191.json: 20230207 (서울 SK vs 울산 현대모비스) [Q1(149), Q2(141), Q3(151), Q4(137)] ✅
S41G01N192.json: 20230208 (대구 한국가스공사 vs 창원 LG) [Q1(160), Q2(114), Q3(178), Q4(143)] ✅
S41G01N193.json: 20230209 (안양 KGC vs 원주 DB) [Q1(124), Q2(143), Q3(178), Q4(146)] ✅
S41G01N194.json: 20230209 (전주 KCC vs 울산 현대모비스) [Q1(133), Q2(136), Q3(152), Q4(135)] ✅
S41G01N195.json: 20230210 (창원 LG vs 서울 삼성) [Q1(143), Q2(128), Q3(196), Q4(177)] ✅
S41G01N196.json: 20230210 (고양 캐롯 vs 수원 KT) [Q1(135), Q2(116), Q3(164), Q4(144)] ✅
S41G01N197.json: 20230211 (서울 SK vs 대구 한국가스공사) [Q1(147), Q2(140), Q3(165), Q4(121)] ✅
S41G01N198.json: 20230211 (안양 KGC vs 울산 현대모비스) [Q1(124), Q2(129), Q3(158), Q4(156)] ✅
S41G01N199.json: 20230212 (서울 SK vs 창원 LG) [Q1(135), Q2(131), Q3(158), Q4(136)] ✅
S41G01N200.json: 20230212 (수원 KT vs 전주 KCC) [Q1(125), Q2(120), Q3(159), Q4(138)] ✅
S41G01N201.json: 20230212 (대구 한국가스공사 vs 안양 KGC) [Q1(138), Q2(144), Q3(140), Q4(135)] ✅
S41G01N202.json: 20230213 (서울 삼성 vs 원주 DB) [Q1(190), Q2(155), Q3(163), Q4(174)] ✅
S41G01N203.json: 20230214 (서울 SK vs 수원 KT) [Q1(159), Q2(119), Q3(147), Q4(141)] ✅
S41G01N204.json: 20230215 (안양 KGC vs 창원 LG) [Q1(127), Q2(144), Q3(166), Q4(141)] ✅
S41G01N205.json: 20230216 (대구 한국가스공사 vs 울산 현대모비스) [Q1(154), Q2(146), Q3(160), Q4(156)] ✅
S41G01N206.json: 20230216 (서울 삼성 vs 서울 SK) [Q1(86), Q2(142), Q3(152), Q4(166), 연장(156)] ✅
S41G01N207.json: 20230217 (창원 LG vs 고양 캐롯) [Q1(137), Q2(139), Q3(172), Q4(161)] ✅
S41G01N208.json: 20230217 (안양 KGC vs 전주 KCC) [Q1(110), Q2(123), Q3(169), Q4(132)] ✅
S41G01N209.json: 20230218 (원주 DB vs 서울 SK) [Q1(167), Q2(136), Q3(160), Q4(157)] ✅
S41G01N210.json: 20230218 (서울 삼성 vs 대구 한국가스공사) [Q1(161), Q2(159), Q3(148), Q4(161)] ✅
S41G01N211.json: 20230218 (울산 현대모비스 vs 수원 KT) [Q1(135), Q2(126), Q3(159), Q4(158)] ✅
S41G01N212.json: 20230219 (고양 캐롯 vs 서울 삼성) [Q1(129), Q2(124), Q3(168), Q4(149)] ✅
S41G01N213.json: 20230219 (대구 한국가스공사 vs 전주 KCC) [Q1(119), Q2(136), Q3(145), Q4(150)] ✅
S41G01N214.json: 20230219 (서울 SK vs 안양 KGC) [Q1(128), Q2(118), Q3(127), Q4(114)] ✅
S41G01N215.json: 20230223 (전주 KCC vs 서울 SK) [Q1(133), Q2(116), Q3(141), Q4(129)] ✅
S41G01N216.json: 20230225 (원주 DB vs 전주 KCC) [Q1(144), Q2(134), Q3(153), Q4(148)] ✅
S41G01N217.json: 20230226 (안양 KGC vs 대구 한국가스공사) [Q1(123), Q2(139), Q3(151), Q4(143)] ✅
S41G01N218.json: 20230301 (전주 KCC vs 서울 삼성) [Q1(150), Q2(144), Q3(152), Q4(160)] ✅
S41G01N219.json: 20230301 (대구 한국가스공사 vs 고양 캐롯) [Q1(148), Q2(125), Q3(143), Q4(139)] ✅
S41G01N220.json: 20230301 (수원 KT vs 원주 DB) [Q1(126), Q2(145), Q3(148), Q4(143)] ✅
S41G01N221.json: 20230302 (울산 현대모비스 vs 창원 LG) [Q1(151), Q2(144), Q3(162), Q4(163)] ✅
S41G01N222.json: 20230304 (원주 DB vs 대구 한국가스공사) [Q1(156), Q2(140), Q3(169), Q4(157)] ✅
S41G01N223.json: 20230304 (고양 캐롯 vs 전주 KCC) [Q1(145), Q2(123), Q3(152), Q4(124)] ✅
S41G01N224.json: 20230304 (서울 삼성 vs 울산 현대모비스) [Q1(171), Q2(147), Q3(154), Q4(155)] ✅
S41G01N225.json: 20230304 (창원 LG vs 수원 KT) [Q1(145), Q2(135), Q3(147), Q4(159)] ✅
S41G01N226.json: 20230307 (원주 DB vs 고양 캐롯) [Q1(133), Q2(144), Q3(156), Q4(139)] ✅
S41G01N227.json: 20230308 (서울 SK vs 수원 KT) [Q1(125), Q2(134), Q3(160), Q4(132)] ✅
S41G01N228.json: 20230309 (전주 KCC vs 창원 LG) [Q1(139), Q2(134), Q3(170), Q4(129)] ✅
S41G01N229.json: 20230309 (대구 한국가스공사 vs 고양 캐롯) [Q1(162), Q2(134), Q3(160), Q4(162)] ✅
S41G01N230.json: 20230310 (울산 현대모비스 vs 서울 SK) [Q1(144), Q2(120), Q3(161), Q4(137)] ✅
S41G01N231.json: 20230310 (서울 삼성 vs 안양 KGC) [Q1(153), Q2(139), Q3(156), Q4(172)] ✅
S41G01N232.json: 20230311 (고양 캐롯 vs 창원 LG) [Q1(144), Q2(115), Q3(161), Q4(130)] ✅
S41G01N233.json: 20230311 (전주 KCC vs 원주 DB) [Q1(149), Q2(141), Q3(125), Q4(158)] ✅
S41G01N234.json: 20230311 (대구 한국가스공사 vs 수원 KT) [Q1(123), Q2(148), Q3(149), Q4(155)] ✅
S41G01N235.json: 20230312 (전주 KCC vs 서울 삼성) [Q1(149), Q2(143), Q3(155), Q4(135)] ✅
S41G01N236.json: 20230312 (서울 SK vs 안양 KGC) [Q1(139), Q2(146), Q3(154), Q4(129)] ✅
S41G01N237.json: 20230312 (원주 DB vs 울산 현대모비스) [Q1(154), Q2(129), Q3(173), Q4(149)] ✅
S41G01N238.json: 20230313 (수원 KT vs 고양 캐롯) [Q1(138), Q2(125), Q3(151), Q4(122)] ✅
S41G01N239.json: 20230314 (울산 현대모비스 vs 대구 한국가스공사) [Q1(155), Q2(160), Q3(142), Q4(146)] ✅
S41G01N240.json: 20230315 (고양 캐롯 vs 전주 KCC) [Q1(152), Q2(137), Q3(155), Q4(134)] ✅
S41G01N241.json: 20230316 (서울 삼성 vs 원주 DB) [Q1(161), Q2(141), Q3(167), Q4(171)] ✅
S41G01N242.json: 20230316 (안양 KGC vs 창원 LG) [Q1(138), Q2(141), Q3(157), Q4(145)] ✅
S41G01N243.json: 20230317 (대구 한국가스공사 vs 서울 SK) [Q1(78), Q2(132), Q3(162), Q4(141), 연장(150)] ✅
S41G01N244.json: 20230317 (울산 현대모비스 vs 전주 KCC) [Q1(142), Q2(130), Q3(147), Q4(142)] ✅
S41G01N245.json: 20230318 (서울 삼성 vs 창원 LG) [Q1(133), Q2(125), Q3(178), Q4(152)] ✅
S41G01N246.json: 20230318 (원주 DB vs 고양 캐롯) [Q1(153), Q2(156), Q3(139), Q4(136)] ✅
S41G01N247.json: 20230318 (안양 KGC vs 수원 KT) [Q1(149), Q2(118), Q3(169), Q4(139)] ✅
S41G01N248.json: 20230319 (서울 삼성 vs 서울 SK) [Q1(131), Q2(157), Q3(159), Q4(141)] ✅
S41G01N249.json: 20230319 (수원 KT vs 울산 현대모비스) [Q1(154), Q2(142), Q3(130), Q4(145)] ✅
S41G01N250.json: 20230319 (창원 LG vs 원주 DB) [Q1(135), Q2(142), Q3(156), Q4(142)] ✅
S41G01N251.json: 20230320 (안양 KGC vs 전주 KCC) [Q1(138), Q2(127), Q3(133), Q4(108)] ✅
S41G01N252.json: 20230321 (울산 현대모비스 vs 서울 삼성) [Q1(161), Q2(147), Q3(149), Q4(179)] ✅
S41G01N253.json: 20230322 (서울 SK vs 고양 캐롯) [Q1(152), Q2(131), Q3(167), Q4(139)] ✅
S41G01N254.json: 20230323 (창원 LG vs 대구 한국가스공사) [Q1(140), Q2(162), Q3(161), Q4(151)] ✅
S41G01N255.json: 20230323 (원주 DB vs 수원 KT) [Q1(142), Q2(157), Q3(134), Q4(160)] ✅
S41G01N256.json: 20230324 (서울 SK vs 전주 KCC) [Q1(64), Q2(132), Q3(141), Q4(153), 연장(157)] ✅
S41G01N257.json: 20230324 (울산 현대모비스 vs 안양 KGC) [Q1(170), Q2(119), Q3(162), Q4(162)] ✅
S41G01N258.json: 20230325 (수원 KT vs 창원 LG) [Q1(140), Q2(138), Q3(180), Q4(137)] ✅
S41G01N259.json: 20230325 (서울 삼성 vs 고양 캐롯) [Q1(147), Q2(123), Q3(152), Q4(141)] ✅
S41G01N260.json: 20230325 (원주 DB vs 대구 한국가스공사) [Q1(147), Q2(138), Q3(137), Q4(156)] ✅
S41G01N261.json: 20230326 (전주 KCC vs 수원 KT) [Q1(67), Q2(129), Q3(158), Q4(109), 연장(134)] ✅
S41G01N262.json: 20230326 (창원 LG vs 서울 SK) [Q1(148), Q2(124), Q3(145), Q4(138)] ✅
S41G01N263.json: 20230326 (안양 KGC vs 원주 DB) [Q1(145), Q2(132), Q3(152), Q4(155)] ✅
S41G01N264.json: 20230327 (고양 캐롯 vs 울산 현대모비스) [Q1(149), Q2(140), Q3(162), Q4(172)] ✅
S41G01N265.json: 20230327 (서울 삼성 vs 대구 한국가스공사) [Q1(136), Q2(117), Q3(165), Q4(161)] ✅
S41G01N266.json: 20230329 (서울 SK vs 원주 DB) [Q1(134), Q2(128), Q3(140), Q4(136)] ✅
S41G01N267.json: 20230329 (창원 LG vs 울산 현대모비스) [Q1(125), Q2(142), Q3(170), Q4(162)] ✅
S41G01N268.json: 20230329 (수원 KT vs 서울 삼성) [Q1(152), Q2(147), Q3(149), Q4(176)] ✅
S41G01N269.json: 20230329 (전주 KCC vs 대구 한국가스공사) [Q1(149), Q2(121), Q3(147), Q4(140)] ✅
S41G01N270.json: 20230329 (고양 캐롯 vs 안양 KGC) [Q1(140), Q2(157), Q3(118), Q4(156)] ✅
총 270개의 .json 파일
✅ 잘못된 파일 없음
✅ 빠진 번호 없음
======================================== [2023-2024] file check ========================================
S43G01N1.json: 20231021 (안양 정관장 vs 서울 SK) [Q1(133), Q2(123), Q3(158), Q4(153)] ✅
S43G01N2.json: 20231021 (창원 LG vs 수원 KT) [Q1(154), Q2(143), Q3(160), Q4(149)] ✅
S43G01N3.json: 20231021 (울산 현대모비스 vs 대구 한국가스공사) [Q1(157), Q2(125), Q3(162), Q4(140)] ✅
S43G01N4.json: 20231022 (서울 SK vs 수원 KT) [Q1(150), Q2(131), Q3(176), Q4(147)] ✅
S43G01N5.json: 20231022 (고양 소노 vs 원주 DB) [Q1(154), Q2(143), Q3(157), Q4(153)] ✅
S43G01N6.json: 20231022 (부산 KCC vs 서울 삼성) [Q1(156), Q2(137), Q3(152), Q4(149)] ✅
S43G01N7.json: 20231023 (울산 현대모비스 vs 창원 LG) [Q1(144), Q2(140), Q3(170), Q4(146)] ✅
S43G01N8.json: 20231024 (고양 소노 vs 서울 SK) [Q1(166), Q2(112), Q3(178), Q4(141)] ✅
S43G01N9.json: 20231026 (창원 LG vs 원주 DB) [Q1(144), Q2(137), Q3(142), Q4(156)] ✅
S43G01N10.json: 20231027 (울산 현대모비스 vs 서울 SK) [Q1(140), Q2(148), Q3(132), Q4(151)] ✅
S43G01N11.json: 20231027 (서울 삼성 vs 고양 소노) [Q1(190), Q2(152), Q3(160), Q4(162)] ✅
S43G01N12.json: 20231028 (원주 DB vs 부산 KCC) [Q1(135), Q2(156), Q3(150), Q4(151)] ✅
S43G01N13.json: 20231028 (대구 한국가스공사 vs 창원 LG) [Q1(135), Q2(127), Q3(146), Q4(131)] ✅
S43G01N14.json: 20231028 (수원 KT vs 안양 정관장) [Q1(131), Q2(157), Q3(156), Q4(146)] ✅
S43G01N15.json: 20231029 (서울 삼성 vs 창원 LG) [Q1(152), Q2(129), Q3(181), Q4(176)] ✅
S43G01N16.json: 20231029 (대구 한국가스공사 vs 서울 SK) [Q1(138), Q2(125), Q3(163), Q4(144)] ✅
S43G01N17.json: 20231029 (고양 소노 vs 울산 현대모비스) [Q1(139), Q2(143), Q3(166), Q4(171)] ✅
S43G01N18.json: 20231030 (수원 KT vs 원주 DB) [Q1(132), Q2(131), Q3(158), Q4(162)] ✅
S43G01N19.json: 20231031 (안양 정관장 vs 울산 현대모비스) [Q1(139), Q2(156), Q3(151), Q4(163)] ✅
S43G01N20.json: 20231031 (서울 삼성 vs 대구 한국가스공사) [Q1(132), Q2(138), Q3(170), Q4(149)] ✅
S43G01N21.json: 20231102 (창원 LG vs 고양 소노) [Q1(159), Q2(164), Q3(149), Q4(165)] ✅
S43G01N22.json: 20231102 (서울 삼성 vs 안양 정관장) [Q1(168), Q2(158), Q3(151), Q4(163)] ✅
S43G01N23.json: 20231103 (울산 현대모비스 vs 부산 KCC) [Q1(149), Q2(145), Q3(150), Q4(152)] ✅
S43G01N24.json: 20231103 (대구 한국가스공사 vs 원주 DB) [Q1(134), Q2(154), Q3(181), Q4(143)] ✅
S43G01N25.json: 20231104 (창원 LG vs 서울 SK) [Q1(148), Q2(124), Q3(137), Q4(168)] ✅
S43G01N26.json: 20231104 (안양 정관장 vs 고양 소노) [Q1(144), Q2(144), Q3(150), Q4(128)] ✅
S43G01N27.json: 20231104 (서울 삼성 vs 수원 KT) [Q1(156), Q2(175), Q3(166), Q4(164)] ✅
S43G01N28.json: 20231105 (울산 현대모비스 vs 원주 DB) [Q1(144), Q2(166), Q3(175), Q4(154)] ✅
S43G01N29.json: 20231105 (대구 한국가스공사 vs 안양 정관장) [Q1(154), Q2(132), Q3(154), Q4(135)] ✅
S43G01N30.json: 20231106 (수원 KT vs 고양 소노) [Q1(152), Q2(139), Q3(156), Q4(142)] ✅
S43G01N31.json: 20231107 (안양 정관장 vs 부산 KCC) [Q1(156), Q2(146), Q3(136), Q4(155)] ✅
S43G01N32.json: 20231107 (원주 DB vs 서울 삼성) [Q1(137), Q2(156), Q3(163), Q4(161)] ✅
S43G01N33.json: 20231109 (수원 KT vs 대구 한국가스공사) [Q1(144), Q2(133), Q3(163), Q4(150)] ✅
S43G01N34.json: 20231109 (울산 현대모비스 vs 서울 삼성) [Q1(159), Q2(126), Q3(163), Q4(154)] ✅
S43G01N35.json: 20231110 (창원 LG vs 부산 KCC) [Q1(140), Q2(137), Q3(162), Q4(136)] ✅
S43G01N36.json: 20231110 (원주 DB vs 안양 정관장) [Q1(147), Q2(143), Q3(175), Q4(157)] ✅
S43G01N37.json: 20231111 (서울 삼성 vs 서울 SK) [Q1(155), Q2(152), Q3(156), Q4(156)] ✅
S43G01N38.json: 20231111 (대구 한국가스공사 vs 고양 소노) [Q1(159), Q2(139), Q3(152), Q4(133)] ✅
S43G01N39.json: 20231111 (수원 KT vs 울산 현대모비스) [Q1(125), Q2(132), Q3(154), Q4(158)] ✅
S43G01N40.json: 20231112 (원주 DB vs 서울 SK) [Q1(161), Q2(122), Q3(165), Q4(154)] ✅
S43G01N41.json: 20231112 (안양 정관장 vs 창원 LG) [Q1(153), Q2(135), Q3(166), Q4(146)] ✅
S43G01N42.json: 20231112 (고양 소노 vs 부산 KCC) [Q1(125), Q2(120), Q3(157), Q4(146)] ✅
S43G01N43.json: 20231113 (울산 현대모비스 vs 수원 KT) [Q1(158), Q2(129), Q3(156), Q4(133)] ✅
S43G01N44.json: 20231114 (원주 DB vs 부산 KCC) [Q1(143), Q2(135), Q3(182), Q4(146)] ✅
S43G01N45.json: 20231114 (서울 삼성 vs 안양 정관장) [Q1(164), Q2(160), Q3(164), Q4(141)] ✅
S43G01N46.json: 20231116 (원주 DB vs 울산 현대모비스) [Q1(138), Q2(159), Q3(155), Q4(153)] ✅
S43G01N47.json: 20231116 (대구 한국가스공사 vs 서울 SK) [Q1(162), Q2(140), Q3(147), Q4(136)] ✅
S43G01N48.json: 20231117 (부산 KCC vs 고양 소노) [Q1(171), Q2(147), Q3(137), Q4(168)] ✅
S43G01N49.json: 20231117 (안양 정관장 vs 창원 LG) [Q1(165), Q2(144), Q3(155), Q4(145)] ✅
S43G01N50.json: 20231118 (수원 KT vs 서울 SK) [Q1(162), Q2(161), Q3(158), Q4(152)] ✅
S43G01N51.json: 20231118 (울산 현대모비스 vs 대구 한국가스공사) [Q1(73), Q2(153), Q3(131), Q4(141), 연장(143)] ✅
S43G01N52.json: 20231118 (원주 DB vs 서울 삼성) [Q1(159), Q2(139), Q3(195), Q4(160)] ✅
S43G01N53.json: 20231119 (창원 LG vs 대구 한국가스공사) [Q1(139), Q2(140), Q3(146), Q4(132)] ✅
S43G01N54.json: 20231119 (안양 정관장 vs 부산 KCC) [Q1(135), Q2(142), Q3(162), Q4(140)] ✅
S43G01N55.json: 20231119 (고양 소노 vs 원주 DB) [Q1(146), Q2(153), Q3(143), Q4(136)] ✅
S43G01N56.json: 20231120 (서울 SK vs 서울 삼성) [Q1(140), Q2(151), Q3(145), Q4(141)] ✅
S43G01N57.json: 20231121 (수원 KT vs 원주 DB) [Q1(144), Q2(158), Q3(161), Q4(160)] ✅
S43G01N58.json: 20231121 (대구 한국가스공사 vs 안양 정관장) [Q1(126), Q2(142), Q3(162), Q4(132)] ✅
S43G01N59.json: 20231123 (창원 LG vs 울산 현대모비스) [Q1(134), Q2(124), Q3(154), Q4(156)] ✅
S43G01N60.json: 20231123 (서울 삼성 vs 대구 한국가스공사) [Q1(169), Q2(153), Q3(178), Q4(161)] ✅
S43G01N61.json: 20231124 (안양 정관장 vs 수원 KT) [Q1(145), Q2(145), Q3(164), Q4(155)] ✅
S43G01N62.json: 20231124 (서울 SK vs 원주 DB) [Q1(131), Q2(157), Q3(188), Q4(149)] ✅
S43G01N63.json: 20231125 (창원 LG vs 고양 소노) [Q1(156), Q2(148), Q3(144), Q4(141)] ✅
S43G01N64.json: 20231125 (서울 삼성 vs 울산 현대모비스) [Q1(146), Q2(106), Q3(155), Q4(136)] ✅
S43G01N65.json: 20231125 (부산 KCC vs 대구 한국가스공사) [Q1(135), Q2(139), Q3(140), Q4(134)] ✅
S43G01N66.json: 20231126 (수원 KT vs 서울 삼성) [Q1(163), Q2(151), Q3(151), Q4(157)] ✅
S43G01N67.json: 20231126 (안양 정관장 vs 원주 DB) [Q1(147), Q2(140), Q3(154), Q4(159)] ✅
S43G01N68.json: 20231126 (고양 소노 vs 서울 SK) [Q1(156), Q2(131), Q3(166), Q4(156)] ✅
S43G01N69.json: 20231127 (부산 KCC vs 울산 현대모비스) [Q1(151), Q2(148), Q3(155), Q4(149)] ✅
S43G01N70.json: 20231128 (수원 KT vs 창원 LG) [Q1(156), Q2(158), Q3(165), Q4(150)] ✅
S43G01N71.json: 20231128 (고양 소노 vs 안양 정관장) [Q1(142), Q2(117), Q3(151), Q4(124)] ✅
S43G01N72.json: 20231130 (부산 KCC vs 수원 KT) [Q1(149), Q2(149), Q3(158), Q4(148)] ✅
S43G01N73.json: 20231130 (서울 SK vs 창원 LG) [Q1(152), Q2(147), Q3(150), Q4(138)] ✅
S43G01N74.json: 20231201 (안양 정관장 vs 울산 현대모비스) [Q1(121), Q2(131), Q3(149), Q4(158)] ✅
S43G01N75.json: 20231201 (서울 삼성 vs 고양 소노) [Q1(145), Q2(123), Q3(138), Q4(160)] ✅
S43G01N76.json: 20231202 (원주 DB vs 창원 LG) [Q1(148), Q2(154), Q3(160), Q4(140)] ✅
S43G01N77.json: 20231202 (서울 SK vs 부산 KCC) [Q1(174), Q2(138), Q3(149), Q4(136)] ✅
S43G01N78.json: 20231202 (대구 한국가스공사 vs 수원 KT) [Q1(137), Q2(130), Q3(177), Q4(156)] ✅
S43G01N79.json: 20231203 (울산 현대모비스 vs 고양 소노) [Q1(143), Q2(172), Q3(162), Q4(141)] ✅
S43G01N80.json: 20231203 (서울 SK vs 안양 정관장) [Q1(134), Q2(127), Q3(139), Q4(124)] ✅
S43G01N81.json: 20231203 (부산 KCC vs 서울 삼성) [Q1(144), Q2(126), Q3(168), Q4(145)] ✅
S43G01N82.json: 20231204 (원주 DB vs 대구 한국가스공사) [Q1(158), Q2(125), Q3(160), Q4(155)] ✅
S43G01N83.json: 20231205 (수원 KT vs 고양 소노) [Q1(137), Q2(148), Q3(155), Q4(149)] ✅
S43G01N84.json: 20231205 (서울 삼성 vs 창원 LG) [Q1(157), Q2(143), Q3(162), Q4(139)] ✅
S43G01N85.json: 20231207 (창원 LG vs 부산 KCC) [Q1(137), Q2(136), Q3(143), Q4(143)] ✅
S43G01N86.json: 20231207 (울산 현대모비스 vs 서울 SK) [Q1(154), Q2(125), Q3(149), Q4(132)] ✅
S43G01N87.json: 20231208 (고양 소노 vs 대구 한국가스공사) [Q1(122), Q2(152), Q3(151), Q4(145)] ✅
S43G01N88.json: 20231208 (원주 DB vs 서울 삼성) [Q1(154), Q2(165), Q3(165), Q4(167)] ✅
S43G01N89.json: 20231209 (울산 현대모비스 vs 안양 정관장) [Q1(134), Q2(152), Q3(150), Q4(139)] ✅
S43G01N90.json: 20231209 (창원 LG vs 수원 KT) [Q1(170), Q2(137), Q3(145), Q4(155)] ✅
S43G01N91.json: 20231210 (고양 소노 vs 대구 한국가스공사) [Q1(119), Q2(142), Q3(132), Q4(126)] ✅
S43G01N92.json: 20231210 (원주 DB vs 안양 정관장) [Q1(137), Q2(152), Q3(175), Q4(183)] ✅
S43G01N93.json: 20231211 (울산 현대모비스 vs 창원 LG) [Q1(150), Q2(136), Q3(140), Q4(155)] ✅
S43G01N94.json: 20231212 (수원 KT vs 서울 삼성) [Q1(162), Q2(160), Q3(182), Q4(167)] ✅
S43G01N95.json: 20231212 (원주 DB vs 서울 SK) [Q1(137), Q2(143), Q3(128), Q4(120)] ✅
S43G01N96.json: 20231212 (부산 KCC vs 대구 한국가스공사) [Q1(57), Q2(140), Q3(139), Q4(153), 연장(134)] ✅
S43G01N97.json: 20231214 (대구 한국가스공사 vs 서울 SK) [Q1(132), Q2(132), Q3(171), Q4(144)] ✅
S43G01N98.json: 20231215 (수원 KT vs 고양 소노) [Q1(164), Q2(146), Q3(177), Q4(187)] ✅
S43G01N99.json: 20231215 (부산 KCC vs 원주 DB) [Q1(148), Q2(155), Q3(132), Q4(155)] ✅
S43G01N100.json: 20231216 (안양 정관장 vs 서울 삼성) [Q1(155), Q2(138), Q3(152), Q4(146)] ✅
S43G01N101.json: 20231216 (대구 한국가스공사 vs 창원 LG) [Q1(148), Q2(138), Q3(155), Q4(142)] ✅
S43G01N102.json: 20231216 (서울 SK vs 울산 현대모비스) [Q1(116), Q2(134), Q3(180), Q4(153)] ✅
S43G01N103.json: 20231217 (원주 DB vs 수원 KT) [Q1(150), Q2(152), Q3(154), Q4(150)] ✅
S43G01N104.json: 20231217 (창원 LG vs 서울 삼성) [Q1(168), Q2(153), Q3(170), Q4(146)] ✅
S43G01N105.json: 20231217 (부산 KCC vs 고양 소노) [Q1(144), Q2(140), Q3(155), Q4(142)] ✅
S43G01N106.json: 20231218 (안양 정관장 vs 대구 한국가스공사) [Q1(154), Q2(132), Q3(174), Q4(153)] ✅
S43G01N107.json: 20231219 (수원 KT vs 서울 SK) [Q1(144), Q2(120), Q3(154), Q4(172)] ✅
S43G01N108.json: 20231219 (울산 현대모비스 vs 부산 KCC) [Q1(155), Q2(135), Q3(167), Q4(157)] ✅
S43G01N109.json: 20231221 (대구 한국가스공사 vs 원주 DB) [Q1(166), Q2(134), Q3(173), Q4(148)] ✅
S43G01N110.json: 20231221 (고양 소노 vs 서울 SK) [Q1(132), Q2(134), Q3(138), Q4(137)] ✅
S43G01N111.json: 20231222 (울산 현대모비스 vs 수원 KT) [Q1(169), Q2(156), Q3(145), Q4(152)] ✅
S43G01N112.json: 20231222 (안양 정관장 vs 부산 KCC) [Q1(147), Q2(117), Q3(156), Q4(153)] ✅
S43G01N113.json: 20231223 (창원 LG vs 서울 SK) [Q1(153), Q2(123), Q3(149), Q4(147)] ✅
S43G01N114.json: 20231223 (고양 소노 vs 원주 DB) [Q1(149), Q2(158), Q3(153), Q4(165)] ✅
S43G01N115.json: 20231223 (대구 한국가스공사 vs 서울 삼성) [Q1(143), Q2(164), Q3(160), Q4(154)] ✅
S43G01N116.json: 20231224 (고양 소노 vs 울산 현대모비스) [Q1(141), Q2(128), Q3(151), Q4(149)] ✅
S43G01N117.json: 20231224 (안양 정관장 vs 수원 KT) [Q1(136), Q2(144), Q3(134), Q4(157)] ✅
S43G01N118.json: 20231224 (창원 LG vs 부산 KCC) [Q1(162), Q2(152), Q3(158), Q4(121)] ✅
S43G01N119.json: 20231225 (원주 DB vs 울산 현대모비스) [Q1(137), Q2(160), Q3(173), Q4(127)] ✅
S43G01N120.json: 20231225 (서울 SK vs 서울 삼성) [Q1(188), Q2(136), Q3(169), Q4(185)] ✅
S43G01N121.json: 20231225 (대구 한국가스공사 vs 부산 KCC) [Q1(125), Q2(147), Q3(153), Q4(160)] ✅
S43G01N122.json: 20231226 (창원 LG vs 안양 정관장) [Q1(160), Q2(126), Q3(155), Q4(134)] ✅
S43G01N123.json: 20231228 (대구 한국가스공사 vs 수원 KT) [Q1(146), Q2(134), Q3(153), Q4(147)] ✅
S43G01N124.json: 20231228 (고양 소노 vs 안양 정관장) [Q1(181), Q2(138), Q3(144), Q4(145)] ✅
S43G01N125.json: 20231228 (울산 현대모비스 vs 서울 삼성) [Q1(157), Q2(174), Q3(170), Q4(158)] ✅
S43G01N126.json: 20231229 (원주 DB vs 창원 LG) [Q1(142), Q2(142), Q3(151), Q4(145)] ✅
S43G01N127.json: 20231230 (고양 소노 vs 서울 삼성) [Q1(168), Q2(143), Q3(147), Q4(165)] ✅
S43G01N128.json: 20231230 (안양 정관장 vs 서울 SK) [Q1(151), Q2(130), Q3(149), Q4(156)] ✅
S43G01N129.json: 20231230 (수원 KT vs 부산 KCC) [Q1(158), Q2(127), Q3(157), Q4(136)] ✅
S43G01N130.json: 20231231 (안양 정관장 vs 원주 DB) [Q1(127), Q2(135), Q3(155), Q4(146)] ✅
S43G01N131.json: 20231231 (창원 LG vs 고양 소노) [Q1(143), Q2(158), Q3(152), Q4(151)] ✅
S43G01N132.json: 20231231 (대구 한국가스공사 vs 울산 현대모비스) [Q1(137), Q2(134), Q3(158), Q4(151)] ✅
S43G01N133.json: 20240101 (수원 KT vs 부산 KCC) [Q1(129), Q2(128), Q3(170), Q4(153)] ✅
S43G01N134.json: 20240101 (서울 삼성 vs 서울 SK) [Q1(161), Q2(146), Q3(148), Q4(146)] ✅
S43G01N135.json: 20240102 (원주 DB vs 고양 소노) [Q1(132), Q2(154), Q3(150), Q4(191)] ✅
S43G01N136.json: 20240102 (안양 정관장 vs 창원 LG) [Q1(150), Q2(139), Q3(166), Q4(151)] ✅
S43G01N137.json: 20240103 (부산 KCC vs 서울 SK) [Q1(135), Q2(121), Q3(140), Q4(149)] ✅
S43G01N138.json: 20240104 (대구 한국가스공사 vs 안양 정관장) [Q1(151), Q2(157), Q3(120), Q4(134)] ✅
S43G01N139.json: 20240104 (서울 삼성 vs 수원 KT) [Q1(132), Q2(140), Q3(135), Q4(157)] ✅
S43G01N140.json: 20240105 (서울 SK vs 고양 소노) [Q1(138), Q2(152), Q3(160), Q4(149)] ✅
S43G01N141.json: 20240106 (창원 LG vs 대구 한국가스공사) [Q1(157), Q2(138), Q3(162), Q4(158)] ✅
S43G01N142.json: 20240106 (울산 현대모비스 vs 수원 KT) [Q1(134), Q2(133), Q3(158), Q4(170)] ✅
S43G01N143.json: 20240106 (서울 삼성 vs 원주 DB) [Q1(135), Q2(167), Q3(152), Q4(125)] ✅
S43G01N144.json: 20240107 (서울 SK vs 안양 정관장) [Q1(156), Q2(127), Q3(137), Q4(153)] ✅
S43G01N145.json: 20240107 (부산 KCC vs 고양 소노) [Q1(161), Q2(128), Q3(159), Q4(181)] ✅
S43G01N146.json: 20240107 (창원 LG vs 울산 현대모비스) [Q1(150), Q2(150), Q3(175), Q4(156)] ✅
S43G01N147.json: 20240108 (원주 DB vs 수원 KT) [Q1(138), Q2(151), Q3(150), Q4(137)] ✅
S43G01N148.json: 20240108 (대구 한국가스공사 vs 서울 삼성) [Q1(138), Q2(136), Q3(148), Q4(155)] ✅
S43G01N149.json: 20240109 (창원 LG vs 서울 SK) [Q1(146), Q2(125), Q3(150), Q4(143)] ✅
S43G01N150.json: 20240109 (부산 KCC vs 울산 현대모비스) [Q1(157), Q2(127), Q3(132), Q4(143)] ✅
S43G01N151.json: 20240111 (부산 KCC vs 서울 SK) [Q1(148), Q2(137), Q3(132), Q4(142)] ✅
S43G01N152.json: 20240117 (부산 KCC vs 원주 DB) [Q1(147), Q2(149), Q3(154), Q4(130)] ✅
S43G01N153.json: 20240117 (고양 소노 vs 안양 정관장) [Q1(160), Q2(148), Q3(163), Q4(139)] ✅
S43G01N154.json: 20240118 (대구 한국가스공사 vs 수원 KT) [Q1(146), Q2(162), Q3(158), Q4(165)] ✅
S43G01N155.json: 20240118 (서울 SK vs 울산 현대모비스) [Q1(173), Q2(139), Q3(150), Q4(169)] ✅
S43G01N156.json: 20240119 (부산 KCC vs 창원 LG) [Q1(145), Q2(115), Q3(149), Q4(142)] ✅
S43G01N157.json: 20240119 (안양 정관장 vs 서울 삼성) [Q1(146), Q2(147), Q3(161), Q4(142)] ✅
S43G01N158.json: 20240120 (울산 현대모비스 vs 대구 한국가스공사) [Q1(145), Q2(132), Q3(147), Q4(173)] ✅
S43G01N159.json: 20240120 (서울 SK vs 원주 DB) [Q1(155), Q2(121), Q3(139), Q4(154)] ✅
S43G01N160.json: 20240120 (고양 소노 vs 수원 KT) [Q1(143), Q2(155), Q3(120), Q4(142)] ✅
S43G01N161.json: 20240121 (원주 DB vs 창원 LG) [Q1(136), Q2(132), Q3(139), Q4(163)] ✅
S43G01N162.json: 20240121 (서울 삼성 vs 부산 KCC) [Q1(170), Q2(145), Q3(143), Q4(149)] ✅
S43G01N163.json: 20240121 (안양 정관장 vs 울산 현대모비스) [Q1(156), Q2(157), Q3(162), Q4(164)] ✅
S43G01N164.json: 20240122 (서울 SK vs 대구 한국가스공사) [Q1(146), Q2(104), Q3(142), Q4(149)] ✅
S43G01N165.json: 20240123 (원주 DB vs 울산 현대모비스) [Q1(133), Q2(166), Q3(155), Q4(156)] ✅
S43G01N166.json: 20240123 (고양 소노 vs 서울 삼성) [Q1(146), Q2(163), Q3(172), Q4(138)] ✅
S43G01N167.json: 20240125 (수원 KT vs 서울 SK) [Q1(141), Q2(133), Q3(161), Q4(131)] ✅
S43G01N168.json: 20240125 (대구 한국가스공사 vs 부산 KCC) [Q1(62), Q2(162), Q3(162), Q4(120), 연장(141)] ✅
S43G01N169.json: 20240126 (창원 LG vs 서울 삼성) [Q1(172), Q2(147), Q3(165), Q4(166)] ✅
S43G01N170.json: 20240126 (울산 현대모비스 vs 고양 소노) [Q1(140), Q2(156), Q3(166), Q4(137)] ✅
S43G01N171.json: 20240127 (수원 KT vs 안양 정관장) [Q1(156), Q2(142), Q3(153), Q4(144)] ✅
S43G01N172.json: 20240127 (대구 한국가스공사 vs 원주 DB) [Q1(139), Q2(139), Q3(164), Q4(122)] ✅
S43G01N173.json: 20240127 (서울 SK vs 부산 KCC) [Q1(155), Q2(128), Q3(148), Q4(146)] ✅
S43G01N174.json: 20240128 (수원 KT vs 창원 LG) [Q1(143), Q2(119), Q3(151), Q4(142)] ✅
S43G01N175.json: 20240128 (울산 현대모비스 vs 서울 삼성) [Q1(135), Q2(156), Q3(163), Q4(165)] ✅
S43G01N176.json: 20240128 (고양 소노 vs 대구 한국가스공사) [Q1(134), Q2(161), Q3(111), Q4(137)] ✅
S43G01N177.json: 20240129 (부산 KCC vs 안양 정관장) [Q1(159), Q2(131), Q3(143), Q4(131)] ✅
S43G01N178.json: 20240130 (고양 소노 vs 창원 LG) [Q1(159), Q2(125), Q3(153), Q4(135)] ✅
S43G01N179.json: 20240130 (서울 삼성 vs 원주 DB) [Q1(153), Q2(153), Q3(160), Q4(159)] ✅
S43G01N180.json: 20240201 (수원 KT vs 대구 한국가스공사) [Q1(148), Q2(135), Q3(155), Q4(168)] ✅
S43G01N181.json: 20240201 (고양 소노 vs 창원 LG) [Q1(155), Q2(136), Q3(190), Q4(164)] ✅
S43G01N182.json: 20240202 (울산 현대모비스 vs 원주 DB) [Q1(155), Q2(163), Q3(180), Q4(147)] ✅
S43G01N183.json: 20240202 (부산 KCC vs 안양 정관장) [Q1(136), Q2(133), Q3(140), Q4(141)] ✅
S43G01N184.json: 20240203 (서울 SK vs 수원 KT) [Q1(145), Q2(129), Q3(157), Q4(141)] ✅
S43G01N185.json: 20240203 (대구 한국가스공사 vs 고양 소노) [Q1(140), Q2(132), Q3(191), Q4(152)] ✅
S43G01N186.json: 20240203 (서울 삼성 vs 창원 LG) [Q1(164), Q2(152), Q3(136), Q4(149)] ✅
S43G01N187.json: 20240204 (안양 정관장 vs 원주 DB) [Q1(139), Q2(137), Q3(171), Q4(149)] ✅
S43G01N188.json: 20240204 (울산 현대모비스 vs 서울 SK) [Q1(139), Q2(139), Q3(149), Q4(153), 연장(136)] ✅
S43G01N189.json: 20240204 (서울 삼성 vs 부산 KCC) [Q1(90), Q2(153), Q3(153), Q4(135), 연장(140)] ✅
S43G01N190.json: 20240205 (고양 소노 vs 수원 KT) [Q1(156), Q2(161), Q3(160), Q4(131)] ✅
S43G01N191.json: 20240206 (창원 LG vs 원주 DB) [Q1(152), Q2(121), Q3(152), Q4(136)] ✅
S43G01N192.json: 20240206 (대구 한국가스공사 vs 서울 삼성) [Q1(156), Q2(134), Q3(152), Q4(141)] ✅
S43G01N193.json: 20240208 (부산 KCC vs 창원 LG) [Q1(144), Q2(136), Q3(164), Q4(144)] ✅
S43G01N194.json: 20240208 (대구 한국가스공사 vs 울산 현대모비스) [Q1(146), Q2(120), Q3(163), Q4(136)] ✅
S43G01N195.json: 20240209 (수원 KT vs 원주 DB) [Q1(156), Q2(129), Q3(130), Q4(142)] ✅
S43G01N196.json: 20240209 (고양 소노 vs 서울 삼성) [Q1(155), Q2(138), Q3(157), Q4(150)] ✅
S43G01N197.json: 20240210 (서울 SK vs 안양 정관장) [Q1(140), Q2(134), Q3(133), Q4(140)] ✅
S43G01N198.json: 20240210 (대구 한국가스공사 vs 창원 LG) [Q1(135), Q2(136), Q3(151), Q4(154)] ✅
S43G01N199.json: 20240210 (울산 현대모비스 vs 부산 KCC) [Q1(153), Q2(140), Q3(153), Q4(142)] ✅
S43G01N200.json: 20240211 (서울 삼성 vs 서울 SK) [Q1(145), Q2(123), Q3(132), Q4(128)] ✅
S43G01N201.json: 20240211 (안양 정관장 vs 수원 KT) [Q1(121), Q2(145), Q3(174), Q4(151)] ✅
S43G01N202.json: 20240211 (원주 DB vs 고양 소노) [Q1(154), Q2(157), Q3(168), Q4(146)] ✅
S43G01N203.json: 20240212 (창원 LG vs 울산 현대모비스) [Q1(164), Q2(140), Q3(160), Q4(158)] ✅
S43G01N204.json: 20240212 (부산 KCC vs 대구 한국가스공사) [Q1(159), Q2(119), Q3(152), Q4(141)] ✅
S43G01N205.json: 20240213 (원주 DB vs 서울 SK) [Q1(151), Q2(117), Q3(162), Q4(131)] ✅
S43G01N206.json: 20240213 (서울 삼성 vs 안양 정관장) [Q1(165), Q2(167), Q3(167), Q4(133)] ✅
S43G01N207.json: 20240214 (수원 KT vs 울산 현대모비스) [Q1(147), Q2(135), Q3(163), Q4(138)] ✅
S43G01N208.json: 20240214 (고양 소노 vs 부산 KCC) [Q1(142), Q2(145), Q3(151), Q4(127)] ✅
S43G01N209.json: 20240215 (안양 정관장 vs 대구 한국가스공사) [Q1(135), Q2(131), Q3(149), Q4(139)] ✅
S43G01N210.json: 20240215 (서울 SK vs 창원 LG) [Q1(147), Q2(119), Q3(159), Q4(130)] ✅
S43G01N211.json: 20240228 (울산 현대모비스 vs 안양 정관장) [Q1(152), Q2(137), Q3(140), Q4(142)] ✅
S43G01N212.json: 20240228 (서울 SK vs 고양 소노) [Q1(164), Q2(141), Q3(151), Q4(153)] ✅
S43G01N213.json: 20240229 (부산 KCC vs 원주 DB) [Q1(136), Q2(146), Q3(141), Q4(154)] ✅
S43G01N214.json: 20240229 (서울 삼성 vs 수원 KT) [Q1(157), Q2(152), Q3(174), Q4(170)] ✅
S43G01N215.json: 20240301 (서울 SK vs 대구 한국가스공사) [Q1(155), Q2(142), Q3(151), Q4(152)] ✅
S43G01N216.json: 20240301 (울산 현대모비스 vs 고양 소노) [Q1(146), Q2(169), Q3(133), Q4(152)] ✅
S43G01N217.json: 20240301 (창원 LG vs 안양 정관장) [Q1(132), Q2(138), Q3(157), Q4(140)] ✅
S43G01N218.json: 20240302 (부산 KCC vs 수원 KT) [Q1(171), Q2(135), Q3(190), Q4(147)] ✅
S43G01N219.json: 20240302 (원주 DB vs 대구 한국가스공사) [Q1(126), Q2(141), Q3(164), Q4(141)] ✅
S43G01N220.json: 20240302 (서울 삼성 vs 울산 현대모비스) [Q1(172), Q2(156), Q3(162), Q4(174)] ✅
S43G01N221.json: 20240303 (수원 KT vs 창원 LG) [Q1(154), Q2(148), Q3(168), Q4(132)] ✅
S43G01N222.json: 20240303 (안양 정관장 vs 고양 소노) [Q1(167), Q2(131), Q3(141), Q4(136)] ✅
S43G01N223.json: 20240303 (서울 SK vs 부산 KCC) [Q1(134), Q2(159), Q3(137), Q4(161)] ✅
S43G01N224.json: 20240304 (서울 삼성 vs 대구 한국가스공사) [Q1(134), Q2(154), Q3(155), Q4(158)] ✅
S43G01N225.json: 20240305 (고양 소노 vs 부산 KCC) [Q1(129), Q2(128), Q3(168), Q4(159)] ✅
S43G01N226.json: 20240305 (서울 SK vs 울산 현대모비스) [Q1(158), Q2(132), Q3(133), Q4(156)] ✅
S43G01N227.json: 20240307 (창원 LG vs 대구 한국가스공사) [Q1(139), Q2(123), Q3(157), Q4(139)] ✅
S43G01N228.json: 20240307 (서울 삼성 vs 원주 DB) [Q1(156), Q2(132), Q3(160), Q4(165)] ✅
S43G01N229.json: 20240307 (수원 KT vs 부산 KCC) [Q1(145), Q2(165), Q3(176), Q4(152)] ✅
S43G01N230.json: 20240309 (수원 KT vs 울산 현대모비스) [Q1(154), Q2(139), Q3(170), Q4(141)] ✅
S43G01N231.json: 20240309 (원주 DB vs 부산 KCC) [Q1(125), Q2(166), Q3(155), Q4(170)] ✅
S43G01N232.json: 20240309 (서울 삼성 vs 고양 소노) [Q1(148), Q2(122), Q3(167), Q4(152)] ✅
S43G01N233.json: 20240311 (창원 LG vs 수원 KT) [Q1(152), Q2(127), Q3(174), Q4(161)] ✅
S43G01N234.json: 20240313 (안양 정관장 vs 고양 소노) [Q1(178), Q2(132), Q3(145), Q4(157)] ✅
S43G01N235.json: 20240313 (서울 SK vs 대구 한국가스공사) [Q1(146), Q2(142), Q3(183), Q4(146)] ✅
S43G01N236.json: 20240314 (원주 DB vs 수원 KT) [Q1(85), Q2(155), Q3(145), Q4(154), 연장(150)] ✅
S43G01N237.json: 20240314 (안양 정관장 vs 서울 삼성) [Q1(164), Q2(153), Q3(151), Q4(173)] ✅
S43G01N238.json: 20240315 (대구 한국가스공사 vs 부산 KCC) [Q1(144), Q2(132), Q3(155), Q4(141)] ✅
S43G01N239.json: 20240315 (고양 소노 vs 창원 LG) [Q1(139), Q2(136), Q3(170), Q4(146)] ✅
S43G01N240.json: 20240316 (수원 KT vs 서울 삼성) [Q1(158), Q2(147), Q3(171), Q4(168)] ✅
S43G01N241.json: 20240316 (울산 현대모비스 vs 원주 DB) [Q1(141), Q2(148), Q3(143), Q4(166)] ✅
S43G01N242.json: 20240316 (안양 정관장 vs 서울 SK) [Q1(140), Q2(130), Q3(153), Q4(146)] ✅
S43G01N243.json: 20240317 (대구 한국가스공사 vs 고양 소노) [Q1(144), Q2(124), Q3(140), Q4(136)] ✅
S43G01N244.json: 20240317 (부산 KCC vs 수원 KT) [Q1(160), Q2(144), Q3(157), Q4(182)] ✅
S43G01N245.json: 20240317 (창원 LG vs 원주 DB) [Q1(156), Q2(154), Q3(158), Q4(145)] ✅
S43G01N246.json: 20240318 (서울 삼성 vs 울산 현대모비스) [Q1(82), Q2(159), Q3(155), Q4(171), 연장(144)] ✅
S43G01N247.json: 20240319 (창원 LG vs 안양 정관장) [Q1(148), Q2(138), Q3(142), Q4(162)] ✅
S43G01N248.json: 20240319 (서울 SK vs 고양 소노) [Q1(156), Q2(151), Q3(148), Q4(154)] ✅
S43G01N249.json: 20240320 (부산 KCC vs 서울 삼성) [Q1(168), Q2(153), Q3(140), Q4(164)] ✅
S43G01N250.json: 20240321 (안양 정관장 vs 대구 한국가스공사) [Q1(115), Q2(95), Q3(141), Q4(123)] ✅
S43G01N251.json: 20240321 (서울 SK vs 원주 DB) [Q1(135), Q2(147), Q3(177), Q4(132)] ✅
S43G01N252.json: 20240322 (부산 KCC vs 창원 LG) [Q1(166), Q2(153), Q3(173), Q4(152)] ✅
S43G01N253.json: 20240322 (고양 소노 vs 울산 현대모비스) [Q1(84), Q2(137), Q3(141), Q4(146), 연장(132)] ✅
S43G01N254.json: 20240323 (수원 KT vs 대구 한국가스공사) [Q1(146), Q2(135), Q3(160), Q4(162)] ✅
S43G01N255.json: 20240323 (원주 DB vs 안양 정관장) [Q1(138), Q2(156), Q3(170), Q4(161)] ✅
S43G01N256.json: 20240323 (서울 SK vs 서울 삼성) [Q1(138), Q2(141), Q3(161), Q4(149)] ✅
S43G01N257.json: 20240324 (울산 현대모비스 vs 창원 LG) [Q1(127), Q2(130), Q3(154), Q4(158)] ✅
S43G01N258.json: 20240324 (원주 DB vs 고양 소노) [Q1(85), Q2(150), Q3(140), Q4(128), 연장(130)] ✅
S43G01N259.json: 20240324 (서울 삼성 vs 부산 KCC) [Q1(120), Q2(130), Q3(175), Q4(131)] ✅
S43G01N260.json: 20240325 (서울 SK vs 수원 KT) [Q1(152), Q2(135), Q3(151), Q4(169)] ✅
S43G01N261.json: 20240326 (부산 KCC vs 안양 정관장) [Q1(157), Q2(144), Q3(149), Q4(156)] ✅
S43G01N262.json: 20240326 (대구 한국가스공사 vs 울산 현대모비스) [Q1(133), Q2(137), Q3(142), Q4(152)] ✅
S43G01N263.json: 20240328 (수원 KT vs 안양 정관장) [Q1(168), Q2(158), Q3(153), Q4(146)] ✅
S43G01N264.json: 20240328 (서울 SK vs 창원 LG) [Q1(138), Q2(156), Q3(161), Q4(167)] ✅
S43G01N265.json: 20240329 (부산 KCC vs 울산 현대모비스) [Q1(158), Q2(137), Q3(170), Q4(153)] ✅
S43G01N266.json: 20240331 (울산 현대모비스 vs 안양 정관장) [Q1(124), Q2(134), Q3(142), Q4(151)] ✅
S43G01N267.json: 20240331 (부산 KCC vs 서울 SK) [Q1(131), Q2(136), Q3(168), Q4(158)] ✅
S43G01N268.json: 20240331 (원주 DB vs 대구 한국가스공사) [Q1(160), Q2(159), Q3(145), Q4(149)] ✅
S43G01N269.json: 20240331 (고양 소노 vs 수원 KT) [Q1(81), Q2(136), Q3(165), Q4(155), 연장(166)] ✅
S43G01N270.json: 20240331 (창원 LG vs 서울 삼성) [Q1(138), Q2(167), Q3(169), Q4(164)] ✅
총 270개의 .json 파일
✅ 잘못된 파일 없음
✅ 빠진 번호 없음
======================================== [2024-2025] file check ========================================
S45G01N1.json: 20241019 (부산 KCC vs 수원 KT) [Q1(150), Q2(157), Q3(149), Q4(132)] ✅
S45G01N2.json: 20241019 (원주 DB vs 서울 삼성) [Q1(170), Q2(165), Q3(160), Q4(149)] ✅
S45G01N3.json: 20241019 (창원 LG vs 대구 한국가스공사) [Q1(185), Q2(143), Q3(176), Q4(144)] ✅
S45G01N4.json: 20241020 (수원 KT vs 서울 삼성) [Q1(162), Q2(156), Q3(168), Q4(156)] ✅
S45G01N5.json: 20241020 (서울 SK vs 안양 정관장) [Q1(178), Q2(113), Q3(197), Q4(158)] ✅
S45G01N6.json: 20241020 (울산 현대모비스 vs 고양 소노) [Q1(148), Q2(145), Q3(160), Q4(158)] ✅
S45G01N7.json: 20241021 (창원 LG vs 부산 KCC) [Q1(147), Q2(137), Q3(151), Q4(129)] ✅
S45G01N8.json: 20241022 (서울 SK vs 원주 DB) [Q1(144), Q2(154), Q3(184), Q4(158)] ✅
S45G01N9.json: 20241023 (부산 KCC vs 고양 소노) [Q1(153), Q2(113), Q3(156), Q4(125)] ✅
S45G01N10.json: 20241024 (원주 DB vs 대구 한국가스공사) [Q1(159), Q2(161), Q3(160), Q4(155)] ✅
S45G01N11.json: 20241024 (창원 LG vs 안양 정관장) [Q1(134), Q2(133), Q3(154), Q4(144)] ✅
S45G01N12.json: 20241025 (부산 KCC vs 울산 현대모비스) [Q1(154), Q2(138), Q3(125), Q4(153)] ✅
S45G01N13.json: 20241025 (수원 KT vs 서울 SK) [Q1(153), Q2(164), Q3(162), Q4(159)] ✅
S45G01N14.json: 20241026 (대구 한국가스공사 vs 서울 삼성) [Q1(151), Q2(144), Q3(151), Q4(147)] ✅
S45G01N15.json: 20241026 (고양 소노 vs 창원 LG) [Q1(121), Q2(138), Q3(145), Q4(161)] ✅
S45G01N16.json: 20241026 (안양 정관장 vs 원주 DB) [Q1(135), Q2(146), Q3(139), Q4(156)] ✅
S45G01N17.json: 20241027 (서울 삼성 vs 서울 SK) [Q1(145), Q2(138), Q3(152), Q4(176)] ✅
S45G01N18.json: 20241027 (수원 KT vs 울산 현대모비스) [Q1(93), Q2(161), Q3(136), Q4(167), 연장(155)] ✅
S45G01N19.json: 20241027 (원주 DB vs 부산 KCC) [Q1(126), Q2(129), Q3(138), Q4(140)] ✅
S45G01N20.json: 20241028 (고양 소노 vs 안양 정관장) [Q1(148), Q2(133), Q3(146), Q4(145)] ✅
S45G01N21.json: 20241029 (서울 삼성 vs 부산 KCC) [Q1(163), Q2(120), Q3(153), Q4(144)] ✅
S45G01N22.json: 20241030 (안양 정관장 vs 대구 한국가스공사) [Q1(114), Q2(152), Q3(166), Q4(132)] ✅
S45G01N23.json: 20241031 (고양 소노 vs 수원 KT) [Q1(159), Q2(147), Q3(178), Q4(173)] ✅
S45G01N24.json: 20241031 (서울 삼성 vs 울산 현대모비스) [Q1(96), Q2(165), Q3(163), Q4(149), 연장(138)] ✅
S45G01N25.json: 20241101 (부산 KCC vs 대구 한국가스공사) [Q1(138), Q2(133), Q3(181), Q4(158)] ✅
S45G01N26.json: 20241101 (창원 LG vs 서울 SK) [Q1(146), Q2(128), Q3(163), Q4(140)] ✅
S45G01N27.json: 20241102 (수원 KT vs 원주 DB) [Q1(152), Q2(147), Q3(181), Q4(139)] ✅
S45G01N28.json: 20241102 (울산 현대모비스 vs 안양 정관장) [Q1(132), Q2(138), Q3(149), Q4(163)] ✅
S45G01N29.json: 20241102 (서울 삼성 vs 고양 소노) [Q1(114), Q2(147), Q3(136), Q4(140)] ✅
S45G01N30.json: 20241103 (창원 LG vs 울산 현대모비스) [Q1(140), Q2(122), Q3(148), Q4(153)] ✅
S45G01N31.json: 20241103 (대구 한국가스공사 vs 서울 SK) [Q1(137), Q2(155), Q3(153), Q4(138)] ✅
S45G01N32.json: 20241103 (부산 KCC vs 안양 정관장) [Q1(139), Q2(145), Q3(136), Q4(130)] ✅
S45G01N33.json: 20241104 (원주 DB vs 고양 소노) [Q1(141), Q2(148), Q3(168), Q4(158)] ✅
S45G01N34.json: 20241105 (대구 한국가스공사 vs 수원 KT) [Q1(122), Q2(135), Q3(153), Q4(151)] ✅
S45G01N35.json: 20241106 (울산 현대모비스 vs 서울 SK) [Q1(146), Q2(156), Q3(159), Q4(154)] ✅
S45G01N36.json: 20241107 (서울 삼성 vs 창원 LG) [Q1(156), Q2(144), Q3(157), Q4(168)] ✅
S45G01N37.json: 20241107 (안양 정관장 vs 수원 KT) [Q1(155), Q2(138), Q3(147), Q4(145)] ✅
S45G01N38.json: 20241108 (울산 현대모비스 vs 원주 DB) [Q1(149), Q2(143), Q3(151), Q4(149)] ✅
S45G01N39.json: 20241108 (대구 한국가스공사 vs 고양 소노) [Q1(138), Q2(158), Q3(152), Q4(183)] ✅
S45G01N40.json: 20241109 (수원 KT vs 창원 LG) [Q1(139), Q2(125), Q3(134), Q4(149)] ✅
S45G01N41.json: 20241109 (서울 SK vs 부산 KCC) [Q1(150), Q2(129), Q3(142), Q4(146)] ✅
S45G01N42.json: 20241109 (안양 정관장 vs 서울 삼성) [Q1(162), Q2(143), Q3(157), Q4(144)] ✅
S45G01N43.json: 20241110 (원주 DB vs 창원 LG) [Q1(146), Q2(146), Q3(177), Q4(144)] ✅
S45G01N44.json: 20241110 (대구 한국가스공사 vs 울산 현대모비스) [Q1(141), Q2(143), Q3(162), Q4(139)] ✅
S45G01N45.json: 20241110 (서울 SK vs 고양 소노) [Q1(134), Q2(134), Q3(153), Q4(152)] ✅
S45G01N46.json: 20241111 (수원 KT vs 안양 정관장) [Q1(137), Q2(124), Q3(155), Q4(145)] ✅
S45G01N47.json: 20241112 (원주 DB vs 서울 SK) [Q1(153), Q2(122), Q3(146), Q4(147)] ✅
S45G01N48.json: 20241113 (고양 소노 vs 울산 현대모비스) [Q1(152), Q2(155), Q3(163), Q4(193)] ✅
S45G01N49.json: 20241114 (대구 한국가스공사 vs 원주 DB) [Q1(121), Q2(147), Q3(158), Q4(139)] ✅
S45G01N50.json: 20241114 (창원 LG vs 수원 KT) [Q1(139), Q2(137), Q3(151), Q4(154)] ✅
S45G01N51.json: 20241127 (부산 KCC vs 울산 현대모비스) [Q1(156), Q2(134), Q3(152), Q4(141)] ✅
S45G01N52.json: 20241127 (창원 LG vs 서울 SK) [Q1(146), Q2(130), Q3(179), Q4(150)] ✅
S45G01N53.json: 20241128 (서울 삼성 vs 수원 KT) [Q1(171), Q2(141), Q3(162), Q4(147)] ✅
S45G01N54.json: 20241128 (원주 DB vs 고양 소노) [Q1(129), Q2(140), Q3(153), Q4(122)] ✅
S45G01N55.json: 20241129 (서울 SK vs 대구 한국가스공사) [Q1(170), Q2(136), Q3(177), Q4(169)] ✅
S45G01N56.json: 20241129 (안양 정관장 vs 부산 KCC) [Q1(70), Q2(154), Q3(160), Q4(179), 연장(143)] ✅
S45G01N57.json: 20241130 (수원 KT vs 울산 현대모비스) [Q1(153), Q2(154), Q3(178), Q4(143)] ✅
S45G01N58.json: 20241130 (고양 소노 vs 창원 LG) [Q1(156), Q2(141), Q3(135), Q4(148)] ✅
S45G01N59.json: 20241130 (서울 삼성 vs 원주 DB) [Q1(126), Q2(161), Q3(180), Q4(141)] ✅
S45G01N60.json: 20241201 (서울 SK vs 수원 KT) [Q1(171), Q2(139), Q3(159), Q4(141)] ✅
S45G01N61.json: 20241201 (고양 소노 vs 부산 KCC) [Q1(108), Q2(138), Q3(157), Q4(142)] ✅
S45G01N62.json: 20241201 (대구 한국가스공사 vs 안양 정관장) [Q1(193), Q2(135), Q3(159), Q4(136)] ✅
S45G01N63.json: 20241202 (서울 삼성 vs 울산 현대모비스) [Q1(154), Q2(143), Q3(186), Q4(146)] ✅
S45G01N64.json: 20241203 (대구 한국가스공사 vs 고양 소노) [Q1(139), Q2(137), Q3(164), Q4(142)] ✅
S45G01N65.json: 20241204 (원주 DB vs 안양 정관장) [Q1(161), Q2(148), Q3(172), Q4(175)] ✅
S45G01N66.json: 20241205 (울산 현대모비스 vs 창원 LG) [Q1(155), Q2(135), Q3(150), Q4(153)] ✅
S45G01N67.json: 20241205 (대구 한국가스공사 vs 서울 삼성) [Q1(153), Q2(144), Q3(149), Q4(151)] ✅
S45G01N68.json: 20241206 (안양 정관장 vs 서울 SK) [Q1(145), Q2(152), Q3(174), Q4(141)] ✅
S45G01N69.json: 20241206 (고양 소노 vs 수원 KT) [Q1(120), Q2(146), Q3(116), Q4(137)] ✅
S45G01N70.json: 20241207 (울산 현대모비스 vs 대구 한국가스공사) [Q1(147), Q2(117), Q3(150), Q4(131)] ✅
S45G01N71.json: 20241207 (서울 삼성 vs 부산 KCC) [Q1(168), Q2(139), Q3(167), Q4(148)] ✅
S45G01N72.json: 20241207 (창원 LG vs 원주 DB) [Q1(145), Q2(133), Q3(172), Q4(154)] ✅
S45G01N73.json: 20241208 (수원 KT vs 부산 KCC) [Q1(137), Q2(134), Q3(150), Q4(153)] ✅
S45G01N74.json: 20241208 (고양 소노 vs 서울 SK) [Q1(134), Q2(140), Q3(175), Q4(133)] ✅
S45G01N75.json: 20241208 (울산 현대모비스 vs 안양 정관장) [Q1(152), Q2(134), Q3(162), Q4(139)] ✅
S45G01N76.json: 20241209 (대구 한국가스공사 vs 창원 LG) [Q1(161), Q2(145), Q3(190), Q4(153)] ✅
S45G01N77.json: 20241210 (부산 KCC vs 서울 SK) [Q1(167), Q2(142), Q3(144), Q4(153)] ✅
S45G01N78.json: 20241211 (안양 정관장 vs 서울 삼성) [Q1(153), Q2(166), Q3(163), Q4(149)] ✅
S45G01N79.json: 20241212 (대구 한국가스공사 vs 부산 KCC) [Q1(136), Q2(136), Q3(170), Q4(169)] ✅
S45G01N80.json: 20241212 (울산 현대모비스 vs 원주 DB) [Q1(148), Q2(125), Q3(149), Q4(138)] ✅
S45G01N81.json: 20241213 (고양 소노 vs 서울 삼성) [Q1(140), Q2(161), Q3(176), Q4(164)] ✅
S45G01N82.json: 20241213 (안양 정관장 vs 창원 LG) [Q1(155), Q2(142), Q3(151), Q4(163)] ✅
S45G01N83.json: 20241214 (부산 KCC vs 원주 DB) [Q1(123), Q2(111), Q3(137), Q4(158)] ✅
S45G01N84.json: 20241214 (수원 KT vs 대구 한국가스공사) [Q1(137), Q2(164), Q3(165), Q4(143)] ✅
S45G01N85.json: 20241214 (서울 SK vs 울산 현대모비스) [Q1(134), Q2(125), Q3(166), Q4(145)] ✅
S45G01N86.json: 20241215 (부산 KCC vs 창원 LG) [Q1(150), Q2(125), Q3(139), Q4(134)] ✅
S45G01N87.json: 20241215 (안양 정관장 vs 고양 소노) [Q1(121), Q2(147), Q3(155), Q4(164)] ✅
S45G01N88.json: 20241215 (서울 SK vs 서울 삼성) [Q1(148), Q2(143), Q3(152), Q4(160)] ✅
S45G01N89.json: 20241216 (원주 DB vs 수원 KT) [Q1(130), Q2(119), Q3(161), Q4(151)] ✅
S45G01N90.json: 20241217 (창원 LG vs 서울 삼성) [Q1(167), Q2(142), Q3(152), Q4(178)] ✅
S45G01N91.json: 20241218 (고양 소노 vs 수원 KT) [Q1(139), Q2(149), Q3(172), Q4(151)] ✅
S45G01N92.json: 20241219 (울산 현대모비스 vs 서울 삼성) [Q1(152), Q2(139), Q3(142), Q4(138)] ✅
S45G01N93.json: 20241219 (원주 DB vs 안양 정관장) [Q1(142), Q2(117), Q3(155), Q4(133)] ✅
S45G01N94.json: 20241220 (창원 LG vs 부산 KCC) [Q1(151), Q2(126), Q3(154), Q4(130)] ✅
S45G01N95.json: 20241220 (수원 KT vs 대구 한국가스공사) [Q1(62), Q2(146), Q3(142), Q4(147), 연장(148)] ✅
S45G01N96.json: 20241221 (고양 소노 vs 서울 삼성) [Q1(139), Q2(157), Q3(145), Q4(155)] ✅
S45G01N97.json: 20241221 (안양 정관장 vs 서울 SK) [Q1(160), Q2(118), Q3(146), Q4(159)] ✅
S45G01N98.json: 20241221 (원주 DB vs 울산 현대모비스) [Q1(152), Q2(126), Q3(150), Q4(151)] ✅
S45G01N99.json: 20241222 (부산 KCC vs 대구 한국가스공사) [Q1(113), Q2(146), Q3(141), Q4(122)] ✅
S45G01N100.json: 20241222 (안양 정관장 vs 창원 LG) [Q1(113), Q2(133), Q3(166), Q4(141)] ✅
S45G01N101.json: 20241222 (원주 DB vs 수원 KT) [Q1(132), Q2(158), Q3(135), Q4(132)] ✅
S45G01N102.json: 20241224 (수원 KT vs 울산 현대모비스) [Q1(157), Q2(146), Q3(163), Q4(168)] ✅
S45G01N103.json: 20241225 (부산 KCC vs 안양 정관장) [Q1(138), Q2(131), Q3(147), Q4(143)] ✅
S45G01N104.json: 20241225 (고양 소노 vs 원주 DB) [Q1(160), Q2(144), Q3(159), Q4(144)] ✅
S45G01N105.json: 20241225 (서울 SK vs 서울 삼성) [Q1(110), Q2(136), Q3(168), Q4(143)] ✅
S45G01N106.json: 20241226 (대구 한국가스공사 vs 창원 LG) [Q1(157), Q2(133), Q3(168), Q4(144)] ✅
S45G01N107.json: 20241227 (부산 KCC vs 울산 현대모비스) [Q1(157), Q2(157), Q3(155), Q4(138)] ✅
S45G01N108.json: 20241227 (원주 DB vs 서울 SK) [Q1(136), Q2(122), Q3(141), Q4(160)] ✅
S45G01N109.json: 20241228 (창원 LG vs 수원 KT) [Q1(146), Q2(139), Q3(156), Q4(135)] ✅
S45G01N110.json: 20241228 (대구 한국가스공사 vs 고양 소노) [Q1(136), Q2(138), Q3(180), Q4(158)] ✅
S45G01N111.json: 20241228 (안양 정관장 vs 서울 삼성) [Q1(159), Q2(143), Q3(147), Q4(157)] ✅
S45G01N112.json: 20241229 (창원 LG vs 원주 DB) [Q1(152), Q2(130), Q3(144), Q4(135)] ✅
S45G01N113.json: 20241229 (울산 현대모비스 vs 고양 소노) [Q1(147), Q2(143), Q3(156), Q4(157)] ✅
S45G01N114.json: 20241229 (부산 KCC vs 서울 SK) [Q1(69), Q2(174), Q3(164), Q4(153), 연장(153)] ✅
S45G01N115.json: 20241231 (울산 현대모비스 vs 대구 한국가스공사) [Q1(137), Q2(121), Q3(153), Q4(158)] ✅
S45G01N116.json: 20250101 (수원 KT vs 부산 KCC) [Q1(126), Q2(136), Q3(166), Q4(130)] ✅
S45G01N117.json: 20250101 (창원 LG vs 서울 SK) [Q1(145), Q2(137), Q3(139), Q4(144)] ✅
S45G01N118.json: 20250101 (안양 정관장 vs 고양 소노) [Q1(151), Q2(138), Q3(173), Q4(162)] ✅
S45G01N119.json: 20250102 (서울 삼성 vs 원주 DB) [Q1(151), Q2(161), Q3(167), Q4(169)] ✅
S45G01N120.json: 20250103 (수원 KT vs 안양 정관장) [Q1(140), Q2(142), Q3(140), Q4(149)] ✅
S45G01N121.json: 20250103 (서울 SK vs 고양 소노) [Q1(117), Q2(141), Q3(147), Q4(135)] ✅
S45G01N122.json: 20250104 (울산 현대모비스 vs 창원 LG) [Q1(173), Q2(141), Q3(152), Q4(146)] ✅
S45G01N123.json: 20250104 (서울 삼성 vs 대구 한국가스공사) [Q1(168), Q2(162), Q3(145), Q4(160)] ✅
S45G01N124.json: 20250104 (부산 KCC vs 원주 DB) [Q1(129), Q2(133), Q3(154), Q4(120)] ✅
S45G01N125.json: 20250105 (창원 LG vs 고양 소노) [Q1(145), Q2(148), Q3(143), Q4(162)] ✅
S45G01N126.json: 20250105 (서울 SK vs 수원 KT) [Q1(132), Q2(151), Q3(174), Q4(158)] ✅
S45G01N127.json: 20250105 (안양 정관장 vs 대구 한국가스공사) [Q1(157), Q2(134), Q3(146), Q4(152)] ✅
S45G01N128.json: 20250106 (서울 삼성 vs 부산 KCC) [Q1(157), Q2(167), Q3(153), Q4(137)] ✅
S45G01N129.json: 20250107 (서울 SK vs 대구 한국가스공사) [Q1(150), Q2(134), Q3(162), Q4(139)] ✅
S45G01N130.json: 20250108 (울산 현대모비스 vs 안양 정관장) [Q1(154), Q2(133), Q3(163), Q4(158)] ✅
S45G01N131.json: 20250109 (서울 삼성 vs 창원 LG) [Q1(152), Q2(140), Q3(136), Q4(159)] ✅
S45G01N132.json: 20250109 (고양 소노 vs 부산 KCC) [Q1(141), Q2(120), Q3(135), Q4(137)] ✅
S45G01N133.json: 20250110 (서울 SK vs 울산 현대모비스) [Q1(148), Q2(130), Q3(156), Q4(129)] ✅
S45G01N134.json: 20250110 (대구 한국가스공사 vs 원주 DB) [Q1(170), Q2(122), Q3(170), Q4(150)] ✅
S45G01N135.json: 20250111 (수원 KT vs 서울 삼성) [Q1(163), Q2(156), Q3(158), Q4(149)] ✅
S45G01N136.json: 20250111 (안양 정관장 vs 창원 LG) [Q1(143), Q2(142), Q3(164), Q4(139)] ✅
S45G01N137.json: 20250111 (고양 소노 vs 부산 KCC) [Q1(126), Q2(123), Q3(168), Q4(158)] ✅
S45G01N138.json: 20250112 (원주 DB vs 울산 현대모비스) [Q1(155), Q2(158), Q3(175), Q4(157)] ✅
S45G01N139.json: 20250112 (안양 정관장 vs 대구 한국가스공사) [Q1(148), Q2(142), Q3(144), Q4(142)] ✅
S45G01N140.json: 20250112 (고양 소노 vs 서울 SK) [Q1(145), Q2(135), Q3(125), Q4(146)] ✅
S45G01N141.json: 20250113 (부산 KCC vs 서울 삼성) [Q1(133), Q2(142), Q3(143), Q4(149)] ✅
S45G01N142.json: 20250113 (수원 KT vs 창원 LG) [Q1(126), Q2(137), Q3(150), Q4(124)] ✅
S45G01N143.json: 20250114 (원주 DB vs 대구 한국가스공사) [Q1(146), Q2(152), Q3(145), Q4(149)] ✅
S45G01N144.json: 20250114 (서울 SK vs 안양 정관장) [Q1(129), Q2(122), Q3(149), Q4(142)] ✅
S45G01N145.json: 20250115 (창원 LG vs 서울 삼성) [Q1(153), Q2(155), Q3(174), Q4(159)] ✅
S45G01N146.json: 20250115 (고양 소노 vs 울산 현대모비스) [Q1(164), Q2(157), Q3(154), Q4(146)] ✅
S45G01N147.json: 20250116 (서울 SK vs 원주 DB) [Q1(124), Q2(133), Q3(158), Q4(149)] ✅
S45G01N148.json: 20250116 (대구 한국가스공사 vs 수원 KT) [Q1(132), Q2(125), Q3(157), Q4(162)] ✅
S45G01N149.json: 20250122 (수원 KT vs 서울 삼성) [Q1(144), Q2(118), Q3(150), Q4(167)] ✅
S45G01N150.json: 20250122 (안양 정관장 vs 원주 DB) [Q1(155), Q2(161), Q3(167), Q4(141)] ✅
S45G01N151.json: 20250123 (울산 현대모비스 vs 서울 SK) [Q1(123), Q2(155), Q3(159), Q4(140)] ✅
S45G01N152.json: 20250123 (창원 LG vs 고양 소노) [Q1(153), Q2(144), Q3(159), Q4(154)] ✅
S45G01N153.json: 20250124 (수원 KT vs 안양 정관장) [Q1(161), Q2(133), Q3(155), Q4(150)] ✅
S45G01N154.json: 20250124 (원주 DB vs 서울 삼성) [Q1(145), Q2(141), Q3(145), Q4(156)] ✅
S45G01N155.json: 20250125 (부산 KCC vs 서울 SK) [Q1(155), Q2(140), Q3(157), Q4(146)] ✅
S45G01N156.json: 20250125 (창원 LG vs 울산 현대모비스) [Q1(141), Q2(144), Q3(147), Q4(166)] ✅
S45G01N157.json: 20250125 (고양 소노 vs 대구 한국가스공사) [Q1(165), Q2(153), Q3(181), Q4(143)] ✅
S45G01N158.json: 20250126 (울산 현대모비스 vs 수원 KT) [Q1(154), Q2(153), Q3(166), Q4(168)] ✅
S45G01N159.json: 20250126 (서울 삼성 vs 안양 정관장) [Q1(155), Q2(155), Q3(156), Q4(159)] ✅
S45G01N160.json: 20250126 (부산 KCC vs 원주 DB) [Q1(112), Q2(130), Q3(146), Q4(131)] ✅
S45G01N161.json: 20250128 (대구 한국가스공사 vs 부산 KCC) [Q1(137), Q2(130), Q3(140), Q4(153)] ✅
S45G01N162.json: 20250128 (고양 소노 vs 안양 정관장) [Q1(142), Q2(155), Q3(159), Q4(149)] ✅
S45G01N163.json: 20250129 (서울 삼성 vs 서울 SK) [Q1(155), Q2(138), Q3(167), Q4(143)] ✅
S45G01N164.json: 20250129 (원주 DB vs 수원 KT) [Q1(125), Q2(130), Q3(169), Q4(131)] ✅
S45G01N165.json: 20250130 (창원 LG vs 대구 한국가스공사) [Q1(142), Q2(139), Q3(150), Q4(116)] ✅
S45G01N166.json: 20250130 (울산 현대모비스 vs 부산 KCC) [Q1(118), Q2(122), Q3(150), Q4(152)] ✅
S45G01N167.json: 20250131 (수원 KT vs 고양 소노) [Q1(140), Q2(154), Q3(160), Q4(144)] ✅
S45G01N168.json: 20250201 (원주 DB vs 창원 LG) [Q1(147), Q2(143), Q3(151), Q4(145)] ✅
S45G01N169.json: 20250201 (대구 한국가스공사 vs 서울 SK) [Q1(146), Q2(135), Q3(146), Q4(124)] ✅
S45G01N170.json: 20250201 (안양 정관장 vs 울산 현대모비스) [Q1(126), Q2(146), Q3(148), Q4(175)] ✅
S45G01N171.json: 20250202 (부산 KCC vs 수원 KT) [Q1(140), Q2(144), Q3(142), Q4(171)] ✅
S45G01N172.json: 20250202 (대구 한국가스공사 vs 서울 삼성) [Q1(151), Q2(152), Q3(177), Q4(135)] ✅
S45G01N173.json: 20250202 (고양 소노 vs 원주 DB) [Q1(138), Q2(139), Q3(179), Q4(134)] ✅
S45G01N174.json: 20250203 (서울 SK vs 창원 LG) [Q1(139), Q2(145), Q3(159), Q4(138)] ✅
S45G01N175.json: 20250204 (부산 KCC vs 안양 정관장) [Q1(140), Q2(159), Q3(149), Q4(137)] ✅
S45G01N176.json: 20250205 (서울 삼성 vs 울산 현대모비스) [Q1(155), Q2(138), Q3(147), Q4(146)] ✅
S45G01N177.json: 20250206 (창원 LG vs 부산 KCC) [Q1(138), Q2(126), Q3(153), Q4(159)] ✅
S45G01N178.json: 20250206 (서울 SK vs 수원 KT) [Q1(140), Q2(127), Q3(161), Q4(143)] ✅
S45G01N179.json: 20250207 (울산 현대모비스 vs 대구 한국가스공사) [Q1(159), Q2(152), Q3(170), Q4(153)] ✅
S45G01N180.json: 20250207 (서울 삼성 vs 고양 소노) [Q1(178), Q2(156), Q3(167), Q4(170)] ✅
S45G01N181.json: 20250208 (부산 KCC vs 창원 LG) [Q1(126), Q2(139), Q3(170), Q4(170)] ✅
S45G01N182.json: 20250208 (서울 SK vs 안양 정관장) [Q1(86), Q2(147), Q3(152), Q4(139), 연장(143)] ✅
S45G01N183.json: 20250208 (수원 KT vs 원주 DB) [Q1(123), Q2(156), Q3(170), Q4(123)] ✅
S45G01N184.json: 20250209 (대구 한국가스공사 vs 울산 현대모비스) [Q1(148), Q2(142), Q3(146), Q4(176)] ✅
S45G01N185.json: 20250209 (서울 삼성 vs 고양 소노) [Q1(139), Q2(173), Q3(141), Q4(165)] ✅
S45G01N186.json: 20250209 (수원 KT vs 서울 SK) [Q1(126), Q2(135), Q3(146), Q4(142)] ✅
S45G01N187.json: 20250210 (안양 정관장 vs 부산 KCC) [Q1(141), Q2(152), Q3(143), Q4(142)] ✅
S45G01N188.json: 20250211 (고양 소노 vs 울산 현대모비스) [Q1(141), Q2(132), Q3(170), Q4(145)] ✅
S45G01N189.json: 20250212 (서울 SK vs 창원 LG) [Q1(142), Q2(136), Q3(137), Q4(147)] ✅
S45G01N190.json: 20250213 (원주 DB vs 부산 KCC) [Q1(128), Q2(113), Q3(158), Q4(140)] ✅
S45G01N191.json: 20250226 (부산 KCC vs 고양 소노) [Q1(144), Q2(171), Q3(154), Q4(151)] ✅
S45G01N192.json: 20250226 (안양 정관장 vs 수원 KT) [Q1(182), Q2(143), Q3(155), Q4(169)] ✅
S45G01N193.json: 20250227 (원주 DB vs 대구 한국가스공사) [Q1(166), Q2(134), Q3(145), Q4(146)] ✅
S45G01N194.json: 20250227 (창원 LG vs 서울 삼성) [Q1(165), Q2(121), Q3(158), Q4(154)] ✅
S45G01N195.json: 20250228 (부산 KCC vs 수원 KT) [Q1(130), Q2(124), Q3(145), Q4(153)] ✅
S45G01N196.json: 20250228 (울산 현대모비스 vs 서울 SK) [Q1(148), Q2(119), Q3(154), Q4(142)] ✅
S45G01N197.json: 20250301 (원주 DB vs 고양 소노) [Q1(64), Q2(159), Q3(153), Q4(160), 연장(126)] ✅
S45G01N198.json: 20250301 (서울 삼성 vs 대구 한국가스공사) [Q1(136), Q2(132), Q3(160), Q4(150)] ✅
S45G01N199.json: 20250301 (창원 LG vs 안양 정관장) [Q1(139), Q2(158), Q3(154), Q4(140)] ✅
S45G01N200.json: 20250302 (서울 SK vs 부산 KCC) [Q1(172), Q2(129), Q3(148), Q4(133)] ✅
S45G01N201.json: 20250302 (울산 현대모비스 vs 수원 KT) [Q1(141), Q2(122), Q3(147), Q4(146)] ✅
S45G01N202.json: 20250302 (고양 소노 vs 대구 한국가스공사) [Q1(127), Q2(172), Q3(151), Q4(147)] ✅
S45G01N203.json: 20250303 (원주 DB vs 창원 LG) [Q1(150), Q2(149), Q3(160), Q4(135)] ✅
S45G01N204.json: 20250303 (서울 삼성 vs 안양 정관장) [Q1(152), Q2(151), Q3(150), Q4(131)] ✅
S45G01N205.json: 20250304 (수원 KT vs 대구 한국가스공사) [Q1(157), Q2(140), Q3(146), Q4(161)] ✅
S45G01N206.json: 20250305 (서울 삼성 vs 서울 SK) [Q1(133), Q2(154), Q3(158), Q4(148)] ✅
S45G01N207.json: 20250306 (울산 현대모비스 vs 원주 DB) [Q1(139), Q2(155), Q3(163), Q4(142)] ✅
S45G01N208.json: 20250307 (대구 한국가스공사 vs 창원 LG) [Q1(139), Q2(144), Q3(159), Q4(149)] ✅
S45G01N209.json: 20250307 (고양 소노 vs 서울 SK) [Q1(139), Q2(138), Q3(163), Q4(142)] ✅
S45G01N210.json: 20250308 (원주 DB vs 서울 삼성) [Q1(70), Q2(145), Q3(152), Q4(142), 연장(160)] ✅
S45G01N211.json: 20250308 (안양 정관장 vs 울산 현대모비스) [Q1(145), Q2(142), Q3(147), Q4(156)] ✅
S45G01N212.json: 20250309 (서울 SK vs 대구 한국가스공사) [Q1(156), Q2(132), Q3(170), Q4(151)] ✅
S45G01N213.json: 20250309 (창원 LG vs 고양 소노) [Q1(131), Q2(150), Q3(148), Q4(175)] ✅
S45G01N214.json: 20250310 (안양 정관장 vs 원주 DB) [Q1(151), Q2(133), Q3(156), Q4(150)] ✅
S45G01N215.json: 20250311 (울산 현대모비스 vs 서울 삼성) [Q1(145), Q2(155), Q3(180), Q4(174)] ✅
S45G01N216.json: 20250312 (대구 한국가스공사 vs 안양 정관장) [Q1(171), Q2(143), Q3(166), Q4(145)] ✅
S45G01N217.json: 20250313 (부산 KCC vs 서울 삼성) [Q1(156), Q2(147), Q3(164), Q4(139)] ✅
S45G01N218.json: 20250313 (수원 KT vs 고양 소노) [Q1(149), Q2(152), Q3(156), Q4(142)] ✅
S45G01N219.json: 20250314 (창원 LG vs 울산 현대모비스) [Q1(86), Q2(123), Q3(153), Q4(150), 연장(128)] ✅
S45G01N220.json: 20250314 (서울 SK vs 원주 DB) [Q1(133), Q2(141), Q3(159), Q4(144)] ✅
S45G01N221.json: 20250315 (대구 한국가스공사 vs 부산 KCC) [Q1(150), Q2(134), Q3(172), Q4(151)] ✅
S45G01N222.json: 20250315 (서울 삼성 vs 수원 KT) [Q1(143), Q2(129), Q3(163), Q4(158)] ✅
S45G01N223.json: 20250315 (고양 소노 vs 안양 정관장) [Q1(140), Q2(132), Q3(143), Q4(141)] ✅
S45G01N224.json: 20250316 (수원 KT vs 창원 LG) [Q1(151), Q2(139), Q3(143), Q4(152)] ✅
S45G01N225.json: 20250316 (울산 현대모비스 vs 부산 KCC) [Q1(161), Q2(135), Q3(166), Q4(151)] ✅
S45G01N226.json: 20250316 (원주 DB vs 서울 SK) [Q1(152), Q2(139), Q3(176), Q4(139)] ✅
S45G01N227.json: 20250317 (대구 한국가스공사 vs 안양 정관장) [Q1(145), Q2(137), Q3(166), Q4(140)] ✅
S45G01N228.json: 20250318 (울산 현대모비스 vs 부산 KCC) [Q1(127), Q2(137), Q3(142), Q4(148)] ✅
S45G01N229.json: 20250319 (수원 KT vs 서울 SK) [Q1(136), Q2(140), Q3(151), Q4(143)] ✅
S45G01N230.json: 20250320 (고양 소노 vs 대구 한국가스공사) [Q1(169), Q2(142), Q3(153), Q4(163)] ✅
S45G01N231.json: 20250320 (창원 LG vs 원주 DB) [Q1(139), Q2(145), Q3(146), Q4(136)] ✅
S45G01N232.json: 20250321 (서울 SK vs 울산 현대모비스) [Q1(144), Q2(157), Q3(142), Q4(155)] ✅
S45G01N233.json: 20250321 (안양 정관장 vs 부산 KCC) [Q1(128), Q2(142), Q3(135), Q4(155)] ✅
S45G01N234.json: 20250322 (창원 LG vs 수원 KT) [Q1(150), Q2(133), Q3(155), Q4(156)] ✅
S45G01N235.json: 20250322 (대구 한국가스공사 vs 원주 DB) [Q1(146), Q2(124), Q3(159), Q4(146)] ✅
S45G01N236.json: 20250322 (고양 소노 vs 서울 삼성) [Q1(157), Q2(143), Q3(164), Q4(149)] ✅
S45G01N237.json: 20250323 (서울 SK vs 부산 KCC) [Q1(141), Q2(147), Q3(161), Q4(126)] ✅
S45G01N238.json: 20250323 (안양 정관장 vs 울산 현대모비스) [Q1(132), Q2(145), Q3(145), Q4(147)] ✅
S45G01N239.json: 20250323 (창원 LG vs 대구 한국가스공사) [Q1(157), Q2(131), Q3(150), Q4(174)] ✅
S45G01N240.json: 20250324 (서울 삼성 vs 수원 KT) [Q1(152), Q2(144), Q3(158), Q4(154)] ✅
S45G01N241.json: 20250325 (안양 정관장 vs 고양 소노) [Q1(147), Q2(169), Q3(159), Q4(151)] ✅
S45G01N242.json: 20250326 (서울 삼성 vs 창원 LG) [Q1(161), Q2(144), Q3(176), Q4(146)] ✅
S45G01N243.json: 20250327 (수원 KT vs 고양 소노) [Q1(158), Q2(147), Q3(162), Q4(137)] ✅
S45G01N244.json: 20250327 (원주 DB vs 울산 현대모비스) [Q1(151), Q2(127), Q3(158), Q4(138)] ✅
S45G01N245.json: 20250328 (부산 KCC vs 대구 한국가스공사) [Q1(146), Q2(135), Q3(149), Q4(134)] ✅
S45G01N246.json: 20250328 (서울 SK vs 창원 LG) [Q1(124), Q2(128), Q3(150), Q4(143)] ✅
S45G01N247.json: 20250329 (울산 현대모비스 vs 고양 소노) [Q1(136), Q2(160), Q3(146), Q4(138)] ✅
S45G01N248.json: 20250329 (서울 삼성 vs 안양 정관장) [Q1(145), Q2(152), Q3(147), Q4(135)] ✅
S45G01N249.json: 20250329 (수원 KT vs 원주 DB) [Q1(126), Q2(153), Q3(146), Q4(136)] ✅
S45G01N250.json: 20250330 (부산 KCC vs 창원 LG) [Q1(141), Q2(137), Q3(155), Q4(142)] ✅
S45G01N251.json: 20250330 (대구 한국가스공사 vs 서울 SK) [Q1(151), Q2(133), Q3(169), Q4(161)] ✅
S45G01N252.json: 20250330 (서울 삼성 vs 원주 DB) [Q1(145), Q2(134), Q3(165), Q4(120)] ✅
S45G01N253.json: 20250331 (안양 정관장 vs 수원 KT) [Q1(154), Q2(124), Q3(176), Q4(134)] ✅
S45G01N254.json: 20250401 (서울 삼성 vs 대구 한국가스공사) [Q1(153), Q2(140), Q3(140), Q4(156)] ✅
S45G01N255.json: 20250402 (부산 KCC vs 고양 소노) [Q1(156), Q2(142), Q3(177), Q4(167)] ✅
S45G01N256.json: 20250403 (창원 LG vs 안양 정관장) [Q1(143), Q2(142), Q3(174), Q4(162)] ✅
S45G01N257.json: 20250403 (울산 현대모비스 vs 수원 KT) [Q1(148), Q2(151), Q3(142), Q4(134)] ✅
S45G01N258.json: 20250404 (부산 KCC vs 서울 삼성) [Q1(136), Q2(121), Q3(144), Q4(152)] ✅
S45G01N259.json: 20250404 (고양 소노 vs 원주 DB) [Q1(162), Q2(137), Q3(164), Q4(154)] ✅
S45G01N260.json: 20250405 (울산 현대모비스 vs 창원 LG) [Q1(158), Q2(150), Q3(142), Q4(165)] ✅
S45G01N261.json: 20250405 (안양 정관장 vs 서울 SK) [Q1(121), Q2(153), Q3(163), Q4(134)] ✅
S45G01N262.json: 20250405 (대구 한국가스공사 vs 수원 KT) [Q1(144), Q2(146), Q3(168), Q4(155)] ✅
S45G01N263.json: 20250406 (서울 SK vs 고양 소노) [Q1(133), Q2(154), Q3(167), Q4(144)] ✅
S45G01N264.json: 20250406 (울산 현대모비스 vs 서울 삼성) [Q1(137), Q2(156), Q3(148), Q4(168)] ✅
S45G01N265.json: 20250406 (원주 DB vs 부산 KCC) [Q1(150), Q2(149), Q3(133), Q4(129)] ✅
S45G01N266.json: 20250408 (수원 KT vs 부산 KCC) [Q1(154), Q2(155), Q3(144), Q4(130)] ✅
S45G01N267.json: 20250408 (원주 DB vs 안양 정관장) [Q1(137), Q2(130), Q3(137), Q4(154)] ✅
S45G01N268.json: 20250408 (서울 SK vs 서울 삼성) [Q1(129), Q2(118), Q3(156), Q4(160)] ✅
S45G01N269.json: 20250408 (대구 한국가스공사 vs 울산 현대모비스) [Q1(122), Q2(139), Q3(173), Q4(141)] ✅
S45G01N270.json: 20250408 (고양 소노 vs 창원 LG) [Q1(164), Q2(146), Q3(144), Q4(144)] ✅
총 270개의 .json 파일
✅ 잘못된 파일 없음
✅ 빠진 번호 없음
======================================== kbl_data total summary ========================================
총 합계: 1080개의 .json 파일
 - 2021-2022: 270개
 - 2022-2023: 270개
 - 2023-2024: 270개
 - 2024-2025: 270개
총 잘못된 파일: 0개
총 빠진 번호: 0개
========================================================================================================
